Log file open, 11/30/19 21:07:36
LogWindows: Failed to load 'aqProf.dll' (GetLastError=126)
LogWindows: File 'aqProf.dll' does not exist
LogWindows: Failed to load 'VtuneApi.dll' (GetLastError=126)
LogWindows: File 'VtuneApi.dll' does not exist
LogWindows: Failed to load 'VtuneApi32e.dll' (GetLastError=126)
LogWindows: File 'VtuneApi32e.dll' does not exist
LogConsoleResponse: Display: Failed to find resolution value strings in scalability ini. Falling back to default.
LogInit: Display: Running engine for game: Juego_Motores_Avanz
LogPlatformFile: Not using cached read wrapper
LogTaskGraph: Started task graph with 5 named threads and 14 total threads with 3 sets of task threads.
LogStats: Stats thread started at 0.067527
LogD3D11RHI: Loaded GFSDK_Aftermath_Lib.x64.dll
LogICUInternationalization: ICU TimeZone Detection - Raw Offset: -5:00, Platform Override: ''
LogPluginManager: Mounting plugin Paper2D
LogPluginManager: Mounting plugin AISupport
LogPluginManager: Mounting plugin LightPropagationVolume
LogPluginManager: Mounting plugin ActorLayerUtilities
LogPluginManager: Mounting plugin AnimationSharing
LogPluginManager: Mounting plugin CLionSourceCodeAccess
LogPluginManager: Mounting plugin CodeLiteSourceCodeAccess
LogPluginManager: Mounting plugin GitSourceControl
LogPluginManager: Mounting plugin KDevelopSourceCodeAccess
LogPluginManager: Mounting plugin NullSourceCodeAccess
LogPluginManager: Mounting plugin PerforceSourceControl
LogPluginManager: Mounting plugin SubversionSourceControl
LogPluginManager: Mounting plugin UObjectPlugin
LogPluginManager: Mounting plugin VisualStudioCodeSourceCodeAccess
LogPluginManager: Mounting plugin VisualStudioSourceCodeAccess
LogPluginManager: Mounting plugin XCodeSourceCodeAccess
LogPluginManager: Mounting plugin AssetManagerEditor
LogPluginManager: Mounting plugin CryptoKeys
LogPluginManager: Mounting plugin CurveEditorTools
LogPluginManager: Mounting plugin DataValidation
LogPluginManager: Mounting plugin FacialAnimation
LogPluginManager: Mounting plugin GameplayTagsEditor
LogPluginManager: Mounting plugin MacGraphicsSwitching
LogPluginManager: Mounting plugin MaterialAnalyzer
LogPluginManager: Mounting plugin MobileLauncherProfileWizard
LogPluginManager: Mounting plugin PluginBrowser
LogPluginManager: Mounting plugin SpeedTreeImporter
LogPluginManager: Mounting plugin DatasmithContent
LogPluginManager: Mounting plugin VariantManagerContent
LogPluginManager: Mounting plugin AlembicImporter
LogPluginManager: Mounting plugin AutomationUtils
LogPluginManager: Mounting plugin BackChannel
LogPluginManager: Mounting plugin CharacterAI
LogPluginManager: Mounting plugin GeometryCache
LogPluginManager: Mounting plugin HTML5Networking
LogPluginManager: Mounting plugin PlatformCrypto
LogPluginManager: Mounting plugin ProxyLODPlugin
LogPluginManager: Mounting plugin SkeletalReduction
LogPluginManager: Mounting plugin MagicLeap
LogPluginManager: Mounting plugin MagicLeapMedia
LogPluginManager: Mounting plugin AndroidMedia
LogPluginManager: Mounting plugin AvfMedia
LogPluginManager: Mounting plugin ImgMedia
LogPluginManager: Mounting plugin MediaCompositing
LogPluginManager: Mounting plugin MediaPlayerEditor
LogPluginManager: Mounting plugin WebMMedia
LogPluginManager: Mounting plugin WmfMedia
LogPluginManager: Mounting plugin TcpMessaging
LogPluginManager: Mounting plugin UdpMessaging
LogPluginManager: Mounting plugin ActorSequence
LogPluginManager: Mounting plugin LevelSequenceEditor
LogPluginManager: Mounting plugin MatineeToLevelSequence
LogPluginManager: Mounting plugin NetcodeUnitTest
LogPluginManager: Mounting plugin NUTUnrealEngine4
LogPluginManager: Mounting plugin OnlineSubsystemGooglePlay
LogPluginManager: Mounting plugin OnlineSubsystemIOS
LogPluginManager: Mounting plugin OnlineSubsystem
LogPluginManager: Mounting plugin OnlineSubsystemNull
LogPluginManager: Mounting plugin OnlineSubsystemUtils
LogPluginManager: Mounting plugin LauncherChunkInstaller
LogPluginManager: Mounting plugin AndroidDeviceProfileSelector
LogPluginManager: Mounting plugin AndroidMoviePlayer
LogPluginManager: Mounting plugin AndroidPermission
LogPluginManager: Mounting plugin AppleImageUtils
LogPluginManager: Mounting plugin AppleMoviePlayer
LogPluginManager: Mounting plugin ArchVisCharacter
LogPluginManager: Mounting plugin AudioCapture
LogPluginManager: Mounting plugin CableComponent
LogPluginManager: Mounting plugin CustomMeshComponent
LogPluginManager: Mounting plugin EditableMesh
LogPluginManager: Mounting plugin ExampleDeviceProfileSelector
LogPluginManager: Mounting plugin GoogleCloudMessaging
LogPluginManager: Mounting plugin IOSDeviceProfileSelector
LogPluginManager: Mounting plugin LinuxDeviceProfileSelector
LogPluginManager: Mounting plugin LocationServicesBPLibrary
LogPluginManager: Mounting plugin MobilePatchingUtils
LogPluginManager: Mounting plugin OculusVR
LogPluginManager: Mounting plugin PhysXVehicles
LogPluginManager: Mounting plugin ProceduralMeshComponent
LogPluginManager: Mounting plugin RuntimePhysXCooking
LogPluginManager: Mounting plugin SignificanceManager
LogPluginManager: Mounting plugin SteamVR
LogPluginManager: Mounting plugin WebMMoviePlayer
LogPluginManager: Mounting plugin WindowsMoviePlayer
LogPluginManager: Mounting plugin ScreenshotTools
LogInit: Using libcurl 7.55.1-DEV
LogInit:  - built for x86_64-pc-win32
LogInit:  - supports SSL with OpenSSL/1.1.1
LogInit:  - supports HTTP deflate (compression) using libz 1.2.8
LogInit:  - other features:
LogInit:      CURL_VERSION_SSL
LogInit:      CURL_VERSION_LIBZ
LogInit:      CURL_VERSION_IPV6
LogInit:      CURL_VERSION_ASYNCHDNS
LogInit:      CURL_VERSION_LARGEFILE
LogInit:      CURL_VERSION_IDN
LogInit:  CurlRequestOptions (configurable via config and command line):
LogInit:  - bVerifyPeer = true  - Libcurl will verify peer certificate
LogInit:  - bUseHttpProxy = false  - Libcurl will NOT use HTTP proxy
LogInit:  - bDontReuseConnections = false  - Libcurl will reuse connections
LogInit:  - MaxHostConnections = 16  - Libcurl will limit the number of connections to a host
LogInit:  - LocalHostAddr = Default
LogInit:  - BufferSize = 65536
LogOnline: OSS: Creating online subsystem instance for: NULL
LogInit: WinSock: version 1.1 (2.2), MaxSocks=32767, MaxUdp=65467
LogInit: Build: ++UE4+Release-4.23-CL-9631420
LogInit: Engine Version: 4.23.1-9631420+++UE4+Release-4.23
LogInit: Compatible Engine Version: 4.23.0-8386587+++UE4+Release-4.23
LogInit: Net CL: 8386587
LogInit: OS: Windows 10 (Release 1903) (), CPU: Intel(R) Core(TM) i5-7500 CPU @ 3.40GHz, GPU: Intel(R) HD Graphics 630
LogInit: Compiled (64-bit): Oct 18 2019 02:07:44
LogInit: Compiled with Visual C++: 19.16.27030.01
LogInit: Build Configuration: Development
LogInit: Branch Name: ++UE4+Release-4.23
LogInit: Command Line:  -EpicPortal -epicusername=odiseascar -epicuserid=967d6049364e420e8461b36260ab376a -epiclocale=es-ES
LogInit: Base Directory: D:/unreal/UE_4.23/Engine/Binaries/Win64/
LogInit: Installed Engine Build: 1
LogDevObjectVersion: Number of dev versions registered: 23
LogDevObjectVersion:   Dev-Blueprints (B0D832E4-1F89-4F0D-ACCF-7EB736FD4AA2): 10
LogDevObjectVersion:   Dev-Build (E1C64328-A22C-4D53-A36C-8E866417BD8C): 0
LogDevObjectVersion:   Dev-Core (375EC13C-06E4-48FB-B500-84F0262A717E): 3
LogDevObjectVersion:   Dev-Editor (E4B068ED-F494-42E9-A231-DA0B2E46BB41): 34
LogDevObjectVersion:   Dev-Framework (CFFC743F-43B0-4480-9391-14DF171D2073): 35
LogDevObjectVersion:   Dev-Mobile (B02B49B5-BB20-44E9-A304-32B752E40360): 2
LogDevObjectVersion:   Dev-Networking (A4E4105C-59A1-49B5-A7C5-40C4547EDFEE): 0
LogDevObjectVersion:   Dev-Online (39C831C9-5AE6-47DC-9A44-9C173E1C8E7C): 0
LogDevObjectVersion:   Dev-Physics (78F01B33-EBEA-4F98-B9B4-84EACCB95AA2): 0
LogDevObjectVersion:   Dev-Platform (6631380F-2D4D-43E0-8009-CF276956A95A): 0
LogDevObjectVersion:   Dev-Rendering (12F88B9F-8875-4AFC-A67C-D90C383ABD29): 31
LogDevObjectVersion:   Dev-Sequencer (7B5AE74C-D270-4C10-A958-57980B212A5A): 11
LogDevObjectVersion:   Dev-VR (D7296918-1DD6-4BDD-9DE2-64A83CC13884): 2
LogDevObjectVersion:   Dev-LoadTimes (C2A15278-BFE7-4AFE-6C17-90FF531DF755): 1
LogDevObjectVersion:   Private-Geometry (6EACA3D4-40EC-4CC1-B786-8BED09428FC5): 3
LogDevObjectVersion:   Dev-AnimPhys (29E575DD-E0A3-4627-9D10-D276232CDCEA): 17
LogDevObjectVersion:   Dev-Anim (AF43A65D-7FD3-4947-9873-3E8ED9C1BB05): 2
LogDevObjectVersion:   Dev-ReflectionCapture (6B266CEC-1EC7-4B8F-A30B-E4D90942FC07): 1
LogDevObjectVersion:   Dev-Automation (0DF73D61-A23F-47EA-B727-89E90C41499A): 1
LogDevObjectVersion:   FortniteMain (601D1886-AC64-4F84-AA16-D3DE0DEAC7D6): 27
LogDevObjectVersion:   Dev-Enterprise (9DFFBCD6-494F-0158-E221-12823C92A888): 6
LogDevObjectVersion:   Dev-Niagara (F2AED0AC-9AFE-416F-8664-AA7FFA26D6FC): 1
LogDevObjectVersion:   Dev-Destruction (174F1F0B-B4C6-45A5-B13F-2EE8D0FB917D): 9
LogInit: Presizing for max 16777216 objects, including 0 objects not considered by GC, pre-allocating 0 bytes for permanent pool.
LogInit: Object subsystem initialized
LogConfig: Setting CVar [[con.DebugEarlyDefault:1]]
LogConfig: Setting CVar [[r.setres:1280x720]]
[2019.12.01-02.07.36:267][  0]LogConfig: Setting CVar [[r.VSync:0]]
[2019.12.01-02.07.36:267][  0]LogConfig: Setting CVar [[r.RHICmdBypass:0]]
[2019.12.01-02.07.36:267][  0]LogConfig: Applying CVar settings from Section [/Script/Engine.RendererSettings] File [C:/Users/Usuario/Documents/Unreal Projects/Juego_Motores_Avanz/Saved/Config/Windows/Engine.ini]
[2019.12.01-02.07.36:267][  0]LogConfig: Setting CVar [[r.GPUCrashDebugging:0]]
[2019.12.01-02.07.36:267][  0]LogConfig: Applying CVar settings from Section [/Script/Engine.RendererOverrideSettings] File [C:/Users/Usuario/Documents/Unreal Projects/Juego_Motores_Avanz/Saved/Config/Windows/Engine.ini]
[2019.12.01-02.07.36:267][  0]LogConfig: Applying CVar settings from Section [/Script/Engine.StreamingSettings] File [C:/Users/Usuario/Documents/Unreal Projects/Juego_Motores_Avanz/Saved/Config/Windows/Engine.ini]
[2019.12.01-02.07.36:267][  0]LogConfig: Setting CVar [[s.MinBulkDataSizeForAsyncLoading:131072]]
[2019.12.01-02.07.36:267][  0]LogConfig: Setting CVar [[s.AsyncLoadingThreadEnabled:0]]
[2019.12.01-02.07.36:267][  0]LogConfig: Setting CVar [[s.EventDrivenLoaderEnabled:1]]
[2019.12.01-02.07.36:267][  0]LogConfig: Setting CVar [[s.WarnIfTimeLimitExceeded:0]]
[2019.12.01-02.07.36:267][  0]LogConfig: Setting CVar [[s.TimeLimitExceededMultiplier:1.5]]
[2019.12.01-02.07.36:267][  0]LogConfig: Setting CVar [[s.TimeLimitExceededMinTime:0.005]]
[2019.12.01-02.07.36:267][  0]LogConfig: Setting CVar [[s.UseBackgroundLevelStreaming:1]]
[2019.12.01-02.07.36:267][  0]LogConfig: Setting CVar [[s.PriorityAsyncLoadingExtraTime:15.0]]
[2019.12.01-02.07.36:267][  0]LogConfig: Setting CVar [[s.LevelStreamingActorsUpdateTimeLimit:5.0]]
[2019.12.01-02.07.36:267][  0]LogConfig: Setting CVar [[s.PriorityLevelStreamingActorsUpdateExtraTime:5.0]]
[2019.12.01-02.07.36:267][  0]LogConfig: Setting CVar [[s.LevelStreamingComponentsRegistrationGranularity:10]]
[2019.12.01-02.07.36:267][  0]LogConfig: Setting CVar [[s.UnregisterComponentsTimeLimit:1.0]]
[2019.12.01-02.07.36:267][  0]LogConfig: Setting CVar [[s.LevelStreamingComponentsUnregistrationGranularity:5]]
[2019.12.01-02.07.36:267][  0]LogConfig: Applying CVar settings from Section [/Script/Engine.GarbageCollectionSettings] File [C:/Users/Usuario/Documents/Unreal Projects/Juego_Motores_Avanz/Saved/Config/Windows/Engine.ini]
[2019.12.01-02.07.36:267][  0]LogConfig: Setting CVar [[gc.MaxObjectsNotConsideredByGC:1]]
[2019.12.01-02.07.36:267][  0]LogConfig: Setting CVar [[gc.SizeOfPermanentObjectPool:0]]
[2019.12.01-02.07.36:267][  0]LogConfig: Setting CVar [[gc.FlushStreamingOnGC:0]]
[2019.12.01-02.07.36:267][  0]LogConfig: Setting CVar [[gc.NumRetriesBeforeForcingGC:10]]
[2019.12.01-02.07.36:268][  0]LogConfig: Setting CVar [[gc.AllowParallelGC:1]]
[2019.12.01-02.07.36:268][  0]LogConfig: Setting CVar [[gc.TimeBetweenPurgingPendingKillObjects:61.1]]
[2019.12.01-02.07.36:268][  0]LogConfig: Setting CVar [[gc.MaxObjectsInEditor:16777216]]
[2019.12.01-02.07.36:268][  0]LogConfig: Setting CVar [[gc.IncrementalBeginDestroyEnabled:1]]
[2019.12.01-02.07.36:268][  0]LogConfig: Setting CVar [[gc.CreateGCClusters:1]]
[2019.12.01-02.07.36:268][  0]LogConfig: Setting CVar [[gc.MinGCClusterSize:5]]
[2019.12.01-02.07.36:268][  0]LogConfig: Setting CVar [[gc.ActorClusteringEnabled:0]]
[2019.12.01-02.07.36:268][  0]LogConfig: Setting CVar [[gc.BlueprintClusteringEnabled:0]]
[2019.12.01-02.07.36:268][  0]LogConfig: Setting CVar [[gc.UseDisregardForGCOnDedicatedServers:0]]
[2019.12.01-02.07.36:268][  0]LogConfig: Applying CVar settings from Section [/Script/Engine.NetworkSettings] File [C:/Users/Usuario/Documents/Unreal Projects/Juego_Motores_Avanz/Saved/Config/Windows/Engine.ini]
[2019.12.01-02.07.36:268][  0]LogConfig: Applying CVar settings from Section [/Script/UnrealEd.CookerSettings] File [C:/Users/Usuario/Documents/Unreal Projects/Juego_Motores_Avanz/Saved/Config/Windows/Engine.ini]
[2019.12.01-02.07.36:270][  0]LogConfig: Applying CVar settings from Section [ViewDistanceQuality@3] File [C:/Users/Usuario/Documents/Unreal Projects/Juego_Motores_Avanz/Saved/Config/Windows/Scalability.ini]
[2019.12.01-02.07.36:270][  0]LogConfig: Setting CVar [[r.SkeletalMeshLODBias:0]]
[2019.12.01-02.07.36:270][  0]LogConfig: Setting CVar [[r.ViewDistanceScale:1.0]]
[2019.12.01-02.07.36:270][  0]LogConfig: Applying CVar settings from Section [AntiAliasingQuality@3] File [C:/Users/Usuario/Documents/Unreal Projects/Juego_Motores_Avanz/Saved/Config/Windows/Scalability.ini]
[2019.12.01-02.07.36:270][  0]LogConfig: Setting CVar [[r.PostProcessAAQuality:4]]
[2019.12.01-02.07.36:270][  0]LogConfig: Applying CVar settings from Section [ShadowQuality@3] File [C:/Users/Usuario/Documents/Unreal Projects/Juego_Motores_Avanz/Saved/Config/Windows/Scalability.ini]
[2019.12.01-02.07.36:270][  0]LogConfig: Setting CVar [[r.LightFunctionQuality:1]]
[2019.12.01-02.07.36:270][  0]LogConfig: Setting CVar [[r.ShadowQuality:5]]
[2019.12.01-02.07.36:270][  0]LogConfig: Setting CVar [[r.Shadow.CSM.MaxCascades:10]]
[2019.12.01-02.07.36:270][  0]LogConfig: Setting CVar [[r.Shadow.MaxResolution:2048]]
[2019.12.01-02.07.36:270][  0]LogConfig: Setting CVar [[r.Shadow.MaxCSMResolution:2048]]
[2019.12.01-02.07.36:270][  0]LogConfig: Setting CVar [[r.Shadow.RadiusThreshold:0.01]]
[2019.12.01-02.07.36:270][  0]LogConfig: Setting CVar [[r.Shadow.DistanceScale:1.0]]
[2019.12.01-02.07.36:270][  0]LogConfig: Setting CVar [[r.Shadow.CSM.TransitionScale:1.0]]
[2019.12.01-02.07.36:270][  0]LogConfig: Setting CVar [[r.Shadow.PreShadowResolutionFactor:1.0]]
[2019.12.01-02.07.36:270][  0]LogConfig: Setting CVar [[r.DistanceFieldShadowing:1]]
[2019.12.01-02.07.36:270][  0]LogConfig: Setting CVar [[r.DistanceFieldAO:1]]
[2019.12.01-02.07.36:270][  0]LogConfig: Setting CVar [[r.AOQuality:2]]
[2019.12.01-02.07.36:270][  0]LogConfig: Setting CVar [[r.VolumetricFog:1]]
[2019.12.01-02.07.36:270][  0]LogConfig: Setting CVar [[r.VolumetricFog.GridPixelSize:8]]
[2019.12.01-02.07.36:270][  0]LogConfig: Setting CVar [[r.VolumetricFog.GridSizeZ:128]]
[2019.12.01-02.07.36:270][  0]LogConfig: Setting CVar [[r.VolumetricFog.HistoryMissSupersampleCount:4]]
[2019.12.01-02.07.36:270][  0]LogConfig: Setting CVar [[r.LightMaxDrawDistanceScale:1]]
[2019.12.01-02.07.36:270][  0]LogConfig: Setting CVar [[r.CapsuleShadows:1]]
[2019.12.01-02.07.36:270][  0]LogConfig: Applying CVar settings from Section [PostProcessQuality@3] File [C:/Users/Usuario/Documents/Unreal Projects/Juego_Motores_Avanz/Saved/Config/Windows/Scalability.ini]
[2019.12.01-02.07.36:270][  0]LogConfig: Setting CVar [[r.MotionBlurQuality:4]]
[2019.12.01-02.07.36:270][  0]LogConfig: Setting CVar [[r.AmbientOcclusionMipLevelFactor:0.4]]
[2019.12.01-02.07.36:270][  0]LogConfig: Setting CVar [[r.AmbientOcclusionMaxQuality:100]]
[2019.12.01-02.07.36:270][  0]LogConfig: Setting CVar [[r.AmbientOcclusionLevels:-1]]
[2019.12.01-02.07.36:270][  0]LogConfig: Setting CVar [[r.AmbientOcclusionRadiusScale:1.0]]
[2019.12.01-02.07.36:271][  0]LogConfig: Setting CVar [[r.DepthOfFieldQuality:2]]
[2019.12.01-02.07.36:271][  0]LogConfig: Setting CVar [[r.RenderTargetPoolMin:400]]
[2019.12.01-02.07.36:271][  0]LogConfig: Setting CVar [[r.LensFlareQuality:2]]
[2019.12.01-02.07.36:271][  0]LogConfig: Setting CVar [[r.SceneColorFringeQuality:1]]
[2019.12.01-02.07.36:271][  0]LogConfig: Setting CVar [[r.EyeAdaptationQuality:2]]
[2019.12.01-02.07.36:271][  0]LogConfig: Setting CVar [[r.BloomQuality:5]]
[2019.12.01-02.07.36:271][  0]LogConfig: Setting CVar [[r.FastBlurThreshold:100]]
[2019.12.01-02.07.36:271][  0]LogConfig: Setting CVar [[r.Upscale.Quality:3]]
[2019.12.01-02.07.36:271][  0]LogConfig: Setting CVar [[r.Tonemapper.GrainQuantization:1]]
[2019.12.01-02.07.36:271][  0]LogConfig: Setting CVar [[r.LightShaftQuality:1]]
[2019.12.01-02.07.36:271][  0]LogConfig: Setting CVar [[r.Filter.SizeScale:1]]
[2019.12.01-02.07.36:271][  0]LogConfig: Setting CVar [[r.Tonemapper.Quality:5]]
[2019.12.01-02.07.36:271][  0]LogConfig: Setting CVar [[r.DOF.Gather.AccumulatorQuality:1        ; higher gathering accumulator quality]]
[2019.12.01-02.07.36:271][  0]LogConfig: Setting CVar [[r.DOF.Gather.PostfilterMethod:1          ; Median3x3 postfilering method]]
[2019.12.01-02.07.36:271][  0]LogConfig: Setting CVar [[r.DOF.Gather.EnableBokehSettings:0       ; no bokeh simulation when gathering]]
[2019.12.01-02.07.36:271][  0]LogConfig: Setting CVar [[r.DOF.Gather.RingCount:4                 ; medium number of samples when gathering]]
[2019.12.01-02.07.36:271][  0]LogConfig: Setting CVar [[r.DOF.Scatter.ForegroundCompositing:1    ; additive foreground scattering]]
[2019.12.01-02.07.36:271][  0]LogConfig: Setting CVar [[r.DOF.Scatter.BackgroundCompositing:2    ; additive background scattering]]
[2019.12.01-02.07.36:271][  0]LogConfig: Setting CVar [[r.DOF.Scatter.EnableBokehSettings:1      ; bokeh simulation when scattering]]
[2019.12.01-02.07.36:271][  0]LogConfig: Setting CVar [[r.DOF.Scatter.MaxSpriteRatio:0.1         ; only a maximum of 10% of scattered bokeh]]
[2019.12.01-02.07.36:271][  0]LogConfig: Setting CVar [[r.DOF.Recombine.Quality:1                ; cheap slight out of focus]]
[2019.12.01-02.07.36:271][  0]LogConfig: Setting CVar [[r.DOF.Recombine.EnableBokehSettings:0    ; no bokeh simulation on slight out of focus]]
[2019.12.01-02.07.36:271][  0]LogConfig: Setting CVar [[r.DOF.TemporalAAQuality:1                ; more stable temporal accumulation]]
[2019.12.01-02.07.36:271][  0]LogConfig: Setting CVar [[r.DOF.Kernel.MaxForegroundRadius:0.025]]
[2019.12.01-02.07.36:271][  0]LogConfig: Setting CVar [[r.DOF.Kernel.MaxBackgroundRadius:0.025]]
[2019.12.01-02.07.36:271][  0]LogConfig: Applying CVar settings from Section [TextureQuality@3] File [C:/Users/Usuario/Documents/Unreal Projects/Juego_Motores_Avanz/Saved/Config/Windows/Scalability.ini]
[2019.12.01-02.07.36:271][  0]LogConfig: Setting CVar [[r.Streaming.MipBias:0]]
[2019.12.01-02.07.36:271][  0]LogConfig: Setting CVar [[r.Streaming.AmortizeCPUToGPUCopy:0]]
[2019.12.01-02.07.36:271][  0]LogConfig: Setting CVar [[r.Streaming.MaxNumTexturesToStreamPerFrame:0]]
[2019.12.01-02.07.36:271][  0]LogConfig: Setting CVar [[r.Streaming.Boost:1]]
[2019.12.01-02.07.36:271][  0]LogConfig: Setting CVar [[r.MaxAnisotropy:8]]
[2019.12.01-02.07.36:271][  0]LogConfig: Setting CVar [[r.Streaming.LimitPoolSizeToVRAM:0]]
[2019.12.01-02.07.36:271][  0]LogConfig: Setting CVar [[r.Streaming.PoolSize:1000]]
[2019.12.01-02.07.36:271][  0]LogConfig: Setting CVar [[r.Streaming.MaxEffectiveScreenSize:0]]
[2019.12.01-02.07.36:271][  0]LogConfig: Applying CVar settings from Section [EffectsQuality@3] File [C:/Users/Usuario/Documents/Unreal Projects/Juego_Motores_Avanz/Saved/Config/Windows/Scalability.ini]
[2019.12.01-02.07.36:271][  0]LogConfig: Setting CVar [[r.TranslucencyLightingVolumeDim:64]]
[2019.12.01-02.07.36:271][  0]LogConfig: Setting CVar [[r.RefractionQuality:2]]
[2019.12.01-02.07.36:271][  0]LogConfig: Setting CVar [[r.SSR.Quality:3]]
[2019.12.01-02.07.36:271][  0]LogConfig: Setting CVar [[r.SceneColorFormat:4]]
[2019.12.01-02.07.36:271][  0]LogConfig: Setting CVar [[r.DetailMode:2]]
[2019.12.01-02.07.36:271][  0]LogConfig: Setting CVar [[r.TranslucencyVolumeBlur:1]]
[2019.12.01-02.07.36:271][  0]LogConfig: Setting CVar [[r.MaterialQualityLevel:1 ; High quality]]
[2019.12.01-02.07.36:271][  0]LogConfig: Setting CVar [[r.SSS.Scale:1]]
[2019.12.01-02.07.36:271][  0]LogConfig: Setting CVar [[r.SSS.SampleSet:2]]
[2019.12.01-02.07.36:271][  0]LogConfig: Setting CVar [[r.SSS.Quality:1]]
[2019.12.01-02.07.36:271][  0]LogConfig: Setting CVar [[r.SSS.HalfRes:1]]
[2019.12.01-02.07.36:271][  0]LogConfig: Setting CVar [[r.EmitterSpawnRateScale:1.0]]
[2019.12.01-02.07.36:271][  0]LogConfig: Setting CVar [[r.ParticleLightQuality:2]]
[2019.12.01-02.07.36:271][  0]LogConfig: Applying CVar settings from Section [FoliageQuality@3] File [C:/Users/Usuario/Documents/Unreal Projects/Juego_Motores_Avanz/Saved/Config/Windows/Scalability.ini]
[2019.12.01-02.07.36:271][  0]LogConfig: Setting CVar [[foliage.DensityScale:1.0]]
[2019.12.01-02.07.36:271][  0]LogConfig: Setting CVar [[grass.DensityScale:1.0]]
[2019.12.01-02.07.36:271][  0]LogInit: Selected Device Profile: [Windows]
[2019.12.01-02.07.36:271][  0]LogInit: Applying CVar settings loaded from the selected device profile: [Windows]
[2019.12.01-02.07.36:274][  0]LogHAL: Display: Platform has ~ 8 GB [8440365056 / 8589934592 / 8], which maps to Default [LargestMinGB=32, LargerMinGB=12, DefaultMinGB=8, SmallerMinGB=6, SmallestMinGB=0)
[2019.12.01-02.07.36:274][  0]LogInit: Going up to parent DeviceProfile []
[2019.12.01-02.07.36:274][  0]LogConfig: Applying CVar settings from Section [ViewDistanceQuality@3] File [C:/Users/Usuario/Documents/Unreal Projects/Juego_Motores_Avanz/Saved/Config/Windows/Scalability.ini]
[2019.12.01-02.07.36:274][  0]LogConfig: Setting CVar [[r.SkeletalMeshLODBias:0]]
[2019.12.01-02.07.36:274][  0]LogConfig: Setting CVar [[r.ViewDistanceScale:1.0]]
[2019.12.01-02.07.36:274][  0]LogConfig: Applying CVar settings from Section [AntiAliasingQuality@3] File [C:/Users/Usuario/Documents/Unreal Projects/Juego_Motores_Avanz/Saved/Config/Windows/Scalability.ini]
[2019.12.01-02.07.36:274][  0]LogConfig: Setting CVar [[r.PostProcessAAQuality:4]]
[2019.12.01-02.07.36:274][  0]LogConfig: Applying CVar settings from Section [ShadowQuality@3] File [C:/Users/Usuario/Documents/Unreal Projects/Juego_Motores_Avanz/Saved/Config/Windows/Scalability.ini]
[2019.12.01-02.07.36:274][  0]LogConfig: Setting CVar [[r.LightFunctionQuality:1]]
[2019.12.01-02.07.36:274][  0]LogConfig: Setting CVar [[r.ShadowQuality:5]]
[2019.12.01-02.07.36:274][  0]LogConfig: Setting CVar [[r.Shadow.CSM.MaxCascades:10]]
[2019.12.01-02.07.36:274][  0]LogConfig: Setting CVar [[r.Shadow.MaxResolution:2048]]
[2019.12.01-02.07.36:274][  0]LogConfig: Setting CVar [[r.Shadow.MaxCSMResolution:2048]]
[2019.12.01-02.07.36:274][  0]LogConfig: Setting CVar [[r.Shadow.RadiusThreshold:0.01]]
[2019.12.01-02.07.36:274][  0]LogConfig: Setting CVar [[r.Shadow.DistanceScale:1.0]]
[2019.12.01-02.07.36:274][  0]LogConfig: Setting CVar [[r.Shadow.CSM.TransitionScale:1.0]]
[2019.12.01-02.07.36:274][  0]LogConfig: Setting CVar [[r.Shadow.PreShadowResolutionFactor:1.0]]
[2019.12.01-02.07.36:274][  0]LogConfig: Setting CVar [[r.DistanceFieldShadowing:1]]
[2019.12.01-02.07.36:274][  0]LogConfig: Setting CVar [[r.DistanceFieldAO:1]]
[2019.12.01-02.07.36:274][  0]LogConfig: Setting CVar [[r.AOQuality:2]]
[2019.12.01-02.07.36:274][  0]LogConfig: Setting CVar [[r.VolumetricFog:1]]
[2019.12.01-02.07.36:274][  0]LogConfig: Setting CVar [[r.VolumetricFog.GridPixelSize:8]]
[2019.12.01-02.07.36:274][  0]LogConfig: Setting CVar [[r.VolumetricFog.GridSizeZ:128]]
[2019.12.01-02.07.36:274][  0]LogConfig: Setting CVar [[r.VolumetricFog.HistoryMissSupersampleCount:4]]
[2019.12.01-02.07.36:274][  0]LogConfig: Setting CVar [[r.LightMaxDrawDistanceScale:1]]
[2019.12.01-02.07.36:274][  0]LogConfig: Setting CVar [[r.CapsuleShadows:1]]
[2019.12.01-02.07.36:274][  0]LogConfig: Applying CVar settings from Section [PostProcessQuality@3] File [C:/Users/Usuario/Documents/Unreal Projects/Juego_Motores_Avanz/Saved/Config/Windows/Scalability.ini]
[2019.12.01-02.07.36:274][  0]LogConfig: Setting CVar [[r.MotionBlurQuality:4]]
[2019.12.01-02.07.36:274][  0]LogConfig: Setting CVar [[r.AmbientOcclusionMipLevelFactor:0.4]]
[2019.12.01-02.07.36:274][  0]LogConfig: Setting CVar [[r.AmbientOcclusionMaxQuality:100]]
[2019.12.01-02.07.36:274][  0]LogConfig: Setting CVar [[r.AmbientOcclusionLevels:-1]]
[2019.12.01-02.07.36:274][  0]LogConfig: Setting CVar [[r.AmbientOcclusionRadiusScale:1.0]]
[2019.12.01-02.07.36:274][  0]LogConfig: Setting CVar [[r.DepthOfFieldQuality:2]]
[2019.12.01-02.07.36:274][  0]LogConfig: Setting CVar [[r.RenderTargetPoolMin:400]]
[2019.12.01-02.07.36:274][  0]LogConfig: Setting CVar [[r.LensFlareQuality:2]]
[2019.12.01-02.07.36:274][  0]LogConfig: Setting CVar [[r.SceneColorFringeQuality:1]]
[2019.12.01-02.07.36:274][  0]LogConfig: Setting CVar [[r.EyeAdaptationQuality:2]]
[2019.12.01-02.07.36:274][  0]LogConfig: Setting CVar [[r.BloomQuality:5]]
[2019.12.01-02.07.36:274][  0]LogConfig: Setting CVar [[r.FastBlurThreshold:100]]
[2019.12.01-02.07.36:274][  0]LogConfig: Setting CVar [[r.Upscale.Quality:3]]
[2019.12.01-02.07.36:274][  0]LogConfig: Setting CVar [[r.Tonemapper.GrainQuantization:1]]
[2019.12.01-02.07.36:274][  0]LogConfig: Setting CVar [[r.LightShaftQuality:1]]
[2019.12.01-02.07.36:274][  0]LogConfig: Setting CVar [[r.Filter.SizeScale:1]]
[2019.12.01-02.07.36:274][  0]LogConfig: Setting CVar [[r.Tonemapper.Quality:5]]
[2019.12.01-02.07.36:274][  0]LogConfig: Setting CVar [[r.DOF.Gather.AccumulatorQuality:1        ; higher gathering accumulator quality]]
[2019.12.01-02.07.36:274][  0]LogConfig: Setting CVar [[r.DOF.Gather.PostfilterMethod:1          ; Median3x3 postfilering method]]
[2019.12.01-02.07.36:274][  0]LogConfig: Setting CVar [[r.DOF.Gather.EnableBokehSettings:0       ; no bokeh simulation when gathering]]
[2019.12.01-02.07.36:274][  0]LogConfig: Setting CVar [[r.DOF.Gather.RingCount:4                 ; medium number of samples when gathering]]
[2019.12.01-02.07.36:274][  0]LogConfig: Setting CVar [[r.DOF.Scatter.ForegroundCompositing:1    ; additive foreground scattering]]
[2019.12.01-02.07.36:274][  0]LogConfig: Setting CVar [[r.DOF.Scatter.BackgroundCompositing:2    ; additive background scattering]]
[2019.12.01-02.07.36:274][  0]LogConfig: Setting CVar [[r.DOF.Scatter.EnableBokehSettings:1      ; bokeh simulation when scattering]]
[2019.12.01-02.07.36:274][  0]LogConfig: Setting CVar [[r.DOF.Scatter.MaxSpriteRatio:0.1         ; only a maximum of 10% of scattered bokeh]]
[2019.12.01-02.07.36:274][  0]LogConfig: Setting CVar [[r.DOF.Recombine.Quality:1                ; cheap slight out of focus]]
[2019.12.01-02.07.36:274][  0]LogConfig: Setting CVar [[r.DOF.Recombine.EnableBokehSettings:0    ; no bokeh simulation on slight out of focus]]
[2019.12.01-02.07.36:274][  0]LogConfig: Setting CVar [[r.DOF.TemporalAAQuality:1                ; more stable temporal accumulation]]
[2019.12.01-02.07.36:274][  0]LogConfig: Setting CVar [[r.DOF.Kernel.MaxForegroundRadius:0.025]]
[2019.12.01-02.07.36:274][  0]LogConfig: Setting CVar [[r.DOF.Kernel.MaxBackgroundRadius:0.025]]
[2019.12.01-02.07.36:274][  0]LogConfig: Applying CVar settings from Section [TextureQuality@3] File [C:/Users/Usuario/Documents/Unreal Projects/Juego_Motores_Avanz/Saved/Config/Windows/Scalability.ini]
[2019.12.01-02.07.36:274][  0]LogConfig: Setting CVar [[r.Streaming.MipBias:0]]
[2019.12.01-02.07.36:274][  0]LogConfig: Setting CVar [[r.Streaming.AmortizeCPUToGPUCopy:0]]
[2019.12.01-02.07.36:274][  0]LogConfig: Setting CVar [[r.Streaming.MaxNumTexturesToStreamPerFrame:0]]
[2019.12.01-02.07.36:274][  0]LogConfig: Setting CVar [[r.Streaming.Boost:1]]
[2019.12.01-02.07.36:274][  0]LogConfig: Setting CVar [[r.MaxAnisotropy:8]]
[2019.12.01-02.07.36:274][  0]LogConfig: Setting CVar [[r.Streaming.LimitPoolSizeToVRAM:0]]
[2019.12.01-02.07.36:274][  0]LogConfig: Setting CVar [[r.Streaming.PoolSize:1000]]
[2019.12.01-02.07.36:274][  0]LogConfig: Setting CVar [[r.Streaming.MaxEffectiveScreenSize:0]]
[2019.12.01-02.07.36:274][  0]LogConfig: Applying CVar settings from Section [EffectsQuality@3] File [C:/Users/Usuario/Documents/Unreal Projects/Juego_Motores_Avanz/Saved/Config/Windows/Scalability.ini]
[2019.12.01-02.07.36:274][  0]LogConfig: Setting CVar [[r.TranslucencyLightingVolumeDim:64]]
[2019.12.01-02.07.36:274][  0]LogConfig: Setting CVar [[r.RefractionQuality:2]]
[2019.12.01-02.07.36:275][  0]LogConfig: Setting CVar [[r.SSR.Quality:3]]
[2019.12.01-02.07.36:275][  0]LogConfig: Setting CVar [[r.SceneColorFormat:4]]
[2019.12.01-02.07.36:275][  0]LogConfig: Setting CVar [[r.DetailMode:2]]
[2019.12.01-02.07.36:275][  0]LogConfig: Setting CVar [[r.TranslucencyVolumeBlur:1]]
[2019.12.01-02.07.36:275][  0]LogConfig: Setting CVar [[r.MaterialQualityLevel:1 ; High quality]]
[2019.12.01-02.07.36:275][  0]LogConfig: Setting CVar [[r.SSS.Scale:1]]
[2019.12.01-02.07.36:275][  0]LogConfig: Setting CVar [[r.SSS.SampleSet:2]]
[2019.12.01-02.07.36:275][  0]LogConfig: Setting CVar [[r.SSS.Quality:1]]
[2019.12.01-02.07.36:275][  0]LogConfig: Setting CVar [[r.SSS.HalfRes:1]]
[2019.12.01-02.07.36:275][  0]LogConfig: Setting CVar [[r.EmitterSpawnRateScale:1.0]]
[2019.12.01-02.07.36:275][  0]LogConfig: Setting CVar [[r.ParticleLightQuality:2]]
[2019.12.01-02.07.36:275][  0]LogConfig: Applying CVar settings from Section [FoliageQuality@3] File [C:/Users/Usuario/Documents/Unreal Projects/Juego_Motores_Avanz/Saved/Config/Windows/Scalability.ini]
[2019.12.01-02.07.36:275][  0]LogConfig: Setting CVar [[foliage.DensityScale:1.0]]
[2019.12.01-02.07.36:275][  0]LogConfig: Setting CVar [[grass.DensityScale:1.0]]
[2019.12.01-02.07.36:275][  0]LogConfig: Applying CVar settings from Section [Startup] File [../../../Engine/Config/ConsoleVariables.ini]
[2019.12.01-02.07.36:275][  0]LogConfig: Setting CVar [[net.UseAdaptiveNetUpdateFrequency:0]]
[2019.12.01-02.07.36:275][  0]LogConfig: Setting CVar [[p.chaos.AllowCreatePhysxBodies:1]]
[2019.12.01-02.07.36:275][  0]LogConfig: Applying CVar settings from Section [ConsoleVariables] File [C:/Users/Usuario/Documents/Unreal Projects/Juego_Motores_Avanz/Saved/Config/Windows/Engine.ini]
[2019.12.01-02.07.36:275][  0]LogInit: Computer: DESKTOP-A7QKKNQ
[2019.12.01-02.07.36:275][  0]LogInit: User: Usuario
[2019.12.01-02.07.36:275][  0]LogInit: CPU Page size=4096, Cores=4
[2019.12.01-02.07.36:275][  0]LogInit: High frequency timer resolution =10.000000 MHz
[2019.12.01-02.07.36:275][  0]LogMemory: Memory total: Physical=7.9GB (8GB approx)
[2019.12.01-02.07.36:275][  0]LogMemory: Platform Memory Stats for Windows
[2019.12.01-02.07.36:275][  0]LogMemory: Process Physical Memory: 100.12 MB used, 100.12 MB peak
[2019.12.01-02.07.36:275][  0]LogMemory: Process Virtual Memory: 87.93 MB used, 87.93 MB peak
[2019.12.01-02.07.36:275][  0]LogMemory: Physical Memory: 4858.86 MB used,  3190.50 MB free, 8049.36 MB total
[2019.12.01-02.07.36:275][  0]LogMemory: Virtual Memory: 4644.55 MB used,  134213080.00 MB free, 134217728.00 MB total
[2019.12.01-02.07.36:278][  0]LogWindows: WindowsPlatformFeatures enabled
[2019.12.01-02.07.36:302][  0]LogInit: Using OS detected language (es-ES).
[2019.12.01-02.07.36:302][  0]LogInit: Using OS detected locale (es-ES-TRADNL).
[2019.12.01-02.07.36:302][  0]LogTextLocalizationManager: No specific localization for 'es-ES' exists, so the 'es' localization will be used.
[2019.12.01-02.07.36:337][  0]LogInit: Setting process to per monitor DPI aware
[2019.12.01-02.07.36:364][  0]LogSlate: New Slate User Created.  User Index 0, Is Virtual User: 0
[2019.12.01-02.07.36:364][  0]LogSlate: Slate User Registered.  User Index 0, Is Virtual User: 0
[2019.12.01-02.07.36:506][  0]LogHMD: Failed to initialize OpenVR with code 110
[2019.12.01-02.07.36:506][  0]LogD3D11RHI: D3D11 adapters:
[2019.12.01-02.07.36:518][  0]LogD3D11RHI:    0. 'Intel(R) HD Graphics 630' (Feature Level 11_0)
[2019.12.01-02.07.36:518][  0]LogD3D11RHI:       128/0/4024 MB DedicatedVideo/DedicatedSystem/SharedSystem, Outputs:1, VendorId:0x8086
[2019.12.01-02.07.36:557][  0]LogD3D11RHI:    1. 'NVIDIA GeForce GTX 1050' (Feature Level 11_0)
[2019.12.01-02.07.36:557][  0]LogD3D11RHI:       1972/0/4024 MB DedicatedVideo/DedicatedSystem/SharedSystem, Outputs:0, VendorId:0x10de
[2019.12.01-02.07.36:560][  0]LogD3D11RHI:    2. 'Microsoft Basic Render Driver' (Feature Level 11_0)
[2019.12.01-02.07.36:560][  0]LogD3D11RHI:       0/0/4024 MB DedicatedVideo/DedicatedSystem/SharedSystem, Outputs:0, VendorId:0x1414
[2019.12.01-02.07.36:560][  0]LogD3D11RHI: Chosen D3D11 Adapter: 1
[2019.12.01-02.07.36:566][  0]LogD3D11RHI: Creating new Direct3DDevice
[2019.12.01-02.07.36:566][  0]LogD3D11RHI:     GPU DeviceId: 0x1c81 (for the marketing name, search the web for "GPU Device Id")
[2019.12.01-02.07.36:566][  0]LogWindows: EnumDisplayDevices:
[2019.12.01-02.07.36:566][  0]LogWindows:    0. 'Intel(R) HD Graphics 630' (P:1 D:1)
[2019.12.01-02.07.36:566][  0]LogWindows:    1. 'Intel(R) HD Graphics 630' (P:0 D:0)
[2019.12.01-02.07.36:567][  0]LogWindows:    2. 'Intel(R) HD Graphics 630' (P:0 D:0)
[2019.12.01-02.07.36:567][  0]LogWindows:    3. 'NVIDIA GeForce GTX 1050' (P:0 D:0)
[2019.12.01-02.07.36:567][  0]LogWindows:    4. 'NVIDIA GeForce GTX 1050' (P:0 D:0)
[2019.12.01-02.07.36:567][  0]LogWindows:    5. 'NVIDIA GeForce GTX 1050' (P:0 D:0)
[2019.12.01-02.07.36:568][  0]LogWindows:    6. 'NVIDIA GeForce GTX 1050' (P:0 D:0)
[2019.12.01-02.07.36:568][  0]LogWindows: DebugString: PrimaryIsNotTheChoosenAdapter PrimaryIsNotTheChoosenAdapter PrimaryIsNotTheChoosenAdapter FoundDriverCount:4 
[2019.12.01-02.07.36:568][  0]LogD3D11RHI:     Adapter Name: NVIDIA GeForce GTX 1050
[2019.12.01-02.07.36:568][  0]LogD3D11RHI:   Driver Version: 385.69 (internal:22.21.13.8569, unified:385.69)
[2019.12.01-02.07.36:568][  0]LogD3D11RHI:      Driver Date: 9-16-2017
[2019.12.01-02.07.36:568][  0]LogRHI: Texture pool is 1380 MB (70% of 1972 MB)
[2019.12.01-02.07.36:589][  0]LogD3D11RHI: Async texture creation enabled
[2019.12.01-02.07.36:599][  0]LogD3D11RHI: GPU Timing Frequency: 1000.000000 (Debug: 2 1)
[2019.12.01-02.07.36:875][  0]LogTemp: Display: Module 'AllDesktopTargetPlatform' loaded TargetPlatform 'AllDesktop'
[2019.12.01-02.07.36:883][  0]LogTemp: Display: Module 'MacClientTargetPlatform' loaded TargetPlatform 'MacClient'
[2019.12.01-02.07.36:891][  0]LogTemp: Display: Module 'MacNoEditorTargetPlatform' loaded TargetPlatform 'MacNoEditor'
[2019.12.01-02.07.36:899][  0]LogTemp: Display: Module 'MacServerTargetPlatform' loaded TargetPlatform 'MacServer'
[2019.12.01-02.07.36:908][  0]LogTemp: Display: Module 'MacTargetPlatform' loaded TargetPlatform 'Mac'
[2019.12.01-02.07.36:915][  0]LogTemp: Display: Module 'WindowsClientTargetPlatform' loaded TargetPlatform 'WindowsClient'
[2019.12.01-02.07.36:924][  0]LogTemp: Display: Module 'WindowsNoEditorTargetPlatform' loaded TargetPlatform 'WindowsNoEditor'
[2019.12.01-02.07.36:932][  0]LogTemp: Display: Module 'WindowsServerTargetPlatform' loaded TargetPlatform 'WindowsServer'
[2019.12.01-02.07.36:936][  0]LogTemp: Display: Module 'WindowsTargetPlatform' loaded TargetPlatform 'Windows'
[2019.12.01-02.07.36:965][  0]LogTemp: Display: Module 'AndroidTargetPlatform' loaded TargetPlatform 'Android'
[2019.12.01-02.07.36:965][  0]LogTemp: Display: Module 'AndroidTargetPlatform' loaded TargetPlatform 'Android_ASTC'
[2019.12.01-02.07.36:965][  0]LogTemp: Display: Module 'AndroidTargetPlatform' loaded TargetPlatform 'Android_ATC'
[2019.12.01-02.07.36:965][  0]LogTemp: Display: Module 'AndroidTargetPlatform' loaded TargetPlatform 'Android_DXT'
[2019.12.01-02.07.36:965][  0]LogTemp: Display: Module 'AndroidTargetPlatform' loaded TargetPlatform 'Android_ETC1'
[2019.12.01-02.07.36:965][  0]LogTemp: Display: Module 'AndroidTargetPlatform' loaded TargetPlatform 'Android_ETC1a'
[2019.12.01-02.07.36:965][  0]LogTemp: Display: Module 'AndroidTargetPlatform' loaded TargetPlatform 'Android_ETC2'
[2019.12.01-02.07.36:965][  0]LogTemp: Display: Module 'AndroidTargetPlatform' loaded TargetPlatform 'Android_PVRTC'
[2019.12.01-02.07.36:965][  0]LogTemp: Display: Module 'AndroidTargetPlatform' loaded TargetPlatform 'AndroidClient'
[2019.12.01-02.07.36:965][  0]LogTemp: Display: Module 'AndroidTargetPlatform' loaded TargetPlatform 'Android_ASTCClient'
[2019.12.01-02.07.36:965][  0]LogTemp: Display: Module 'AndroidTargetPlatform' loaded TargetPlatform 'Android_ATCClient'
[2019.12.01-02.07.36:965][  0]LogTemp: Display: Module 'AndroidTargetPlatform' loaded TargetPlatform 'Android_DXTClient'
[2019.12.01-02.07.36:965][  0]LogTemp: Display: Module 'AndroidTargetPlatform' loaded TargetPlatform 'Android_ETC1Client'
[2019.12.01-02.07.36:965][  0]LogTemp: Display: Module 'AndroidTargetPlatform' loaded TargetPlatform 'Android_ETC1aClient'
[2019.12.01-02.07.36:965][  0]LogTemp: Display: Module 'AndroidTargetPlatform' loaded TargetPlatform 'Android_ETC2Client'
[2019.12.01-02.07.36:965][  0]LogTemp: Display: Module 'AndroidTargetPlatform' loaded TargetPlatform 'Android_PVRTCClient'
[2019.12.01-02.07.36:965][  0]LogTemp: Display: Module 'AndroidTargetPlatform' loaded TargetPlatform 'Android_Multi'
[2019.12.01-02.07.36:965][  0]LogTemp: Display: Module 'AndroidTargetPlatform' loaded TargetPlatform 'Android_MultiClient'
[2019.12.01-02.07.36:967][  0]LogTemp: Display: Module 'HTML5TargetPlatform' loaded TargetPlatform 'HTML5'
[2019.12.01-02.07.36:982][  0]LogTemp: Display: Module 'IOSTargetPlatform' loaded TargetPlatform 'IOSClient'
[2019.12.01-02.07.36:982][  0]LogTemp: Display: Module 'IOSTargetPlatform' loaded TargetPlatform 'IOS'
[2019.12.01-02.07.36:994][  0]LogTemp: Display: Module 'TVOSTargetPlatform' loaded TargetPlatform 'TVOSClient'
[2019.12.01-02.07.36:994][  0]LogTemp: Display: Module 'TVOSTargetPlatform' loaded TargetPlatform 'TVOS'
[2019.12.01-02.07.37:002][  0]LogTemp: Display: Module 'LinuxClientTargetPlatform' loaded TargetPlatform 'LinuxClient'
[2019.12.01-02.07.37:008][  0]LogTemp: Display: Module 'LinuxNoEditorTargetPlatform' loaded TargetPlatform 'LinuxNoEditor'
[2019.12.01-02.07.37:015][  0]LogTemp: Display: Module 'LinuxServerTargetPlatform' loaded TargetPlatform 'LinuxServer'
[2019.12.01-02.07.37:021][  0]LogTemp: Display: Module 'LinuxTargetPlatform' loaded TargetPlatform 'Linux'
[2019.12.01-02.07.37:042][  0]LogTemp: Display: Module 'LuminTargetPlatform' loaded TargetPlatform 'Lumin'
[2019.12.01-02.07.37:042][  0]LogTemp: Display: Module 'LuminTargetPlatform' loaded TargetPlatform 'LuminClient'
[2019.12.01-02.07.37:042][  0]LogTargetPlatformManager: Display: Building Assets For Windows
[2019.12.01-02.07.37:051][  0]LogAudioDebug: Display: Lib vorbis DLL was dynamically loaded.
[2019.12.01-02.07.37:096][  0]LogShaderCompilers: Guid format shader working directory is -14 characters bigger than the processId version (C:/Users/Usuario/Documents/Unreal Projects/Juego_Motores_Avanz/Intermediate/Shaders/WorkingDirectory/8108/).
[2019.12.01-02.07.37:096][  0]LogShaderCompilers: Cleaned the shader compiler working directory 'C:/Users/Usuario/AppData/Local/Temp/UnrealShaderWorkingDir/33AE06124D53DA206EA4CCB67821A039/'.
[2019.12.01-02.07.37:098][  0]LogXGEController: Cannot use XGE Controller as Incredibuild is not installed on this machine.
[2019.12.01-02.07.37:098][  0]LogShaderCompilers: Cannot use XGE Shader Compiler as Incredibuild is not installed on this machine.
[2019.12.01-02.07.37:098][  0]LogShaderCompilers: Display: Using Local Shader Compiler.
[2019.12.01-02.07.37:674][  0]LogDerivedDataCache: Display: Max Cache Size: 512 MB
[2019.12.01-02.07.37:721][  0]LogDerivedDataCache: Loaded boot cache 0.05s 73MB C:/Users/Usuario/AppData/Local/UnrealEngine/4.23/DerivedDataCache/Boot.ddc.
[2019.12.01-02.07.37:721][  0]LogDerivedDataCache: Display: Loaded Boot cache: C:/Users/Usuario/AppData/Local/UnrealEngine/4.23/DerivedDataCache/Boot.ddc
[2019.12.01-02.07.37:721][  0]LogDerivedDataCache: FDerivedDataBackendGraph:  Pak pak cache file C:/Users/Usuario/Documents/Unreal Projects/Juego_Motores_Avanz/DerivedDataCache/DDC.ddp not found, will not use a pak cache.
[2019.12.01-02.07.37:721][  0]LogDerivedDataCache: Unable to find inner node Pak for hierarchical cache Hierarchy.
[2019.12.01-02.07.37:721][  0]LogDerivedDataCache: FDerivedDataBackendGraph:  CompressedPak pak cache file C:/Users/Usuario/Documents/Unreal Projects/Juego_Motores_Avanz/DerivedDataCache/Compressed.ddp not found, will not use a pak cache.
[2019.12.01-02.07.37:721][  0]LogDerivedDataCache: Unable to find inner node CompressedPak for hierarchical cache Hierarchy.
[2019.12.01-02.07.37:731][  0]LogDerivedDataCache: Display: Pak cache opened for reading ../../../Engine/DerivedDataCache/Compressed.ddp.
[2019.12.01-02.07.37:731][  0]LogDerivedDataCache: FDerivedDataBackendGraph:  EnterprisePak pak cache file ../../../Enterprise/DerivedDataCache/Compressed.ddp not found, will not use a pak cache.
[2019.12.01-02.07.37:731][  0]LogDerivedDataCache: Unable to find inner node EnterprisePak for hierarchical cache Hierarchy.
[2019.12.01-02.07.37:733][  0]LogDerivedDataCache: Using Local data cache path C:/Users/Usuario/AppData/Local/UnrealEngine/Common/DerivedDataCache: Writable
[2019.12.01-02.07.37:733][  0]LogDerivedDataCache: Shared data cache path not found in *engine.ini, will not use an Shared cache.
[2019.12.01-02.07.37:733][  0]LogDerivedDataCache: Unable to find inner node Shared for hierarchical cache Hierarchy.
[2019.12.01-02.07.37:752][  0]LogMaterial: Verifying Global Shaders for PCD3D_SM5
[2019.12.01-02.07.37:754][  0]LogSlate: Using FreeType 2.6.0
[2019.12.01-02.07.37:755][  0]LogSlate: SlateFontServices - WITH_FREETYPE: 1, WITH_HARFBUZZ: 1
[2019.12.01-02.07.37:804][  0]LogAssetRegistry: FAssetRegistry took 0.0020 seconds to start up
[2019.12.01-02.07.38:029][  0]LogInit: Selected Device Profile: [Windows]
[2019.12.01-02.07.38:160][  0]LogMeshReduction: Using QuadricMeshReduction for automatic static mesh reduction
[2019.12.01-02.07.38:160][  0]LogMeshReduction: Using SimplygonMeshReduction for automatic skeletal mesh reduction
[2019.12.01-02.07.38:160][  0]LogMeshReduction: Using ProxyLODMeshReduction for automatic mesh merging
[2019.12.01-02.07.38:160][  0]LogMeshReduction: No distributed automatic mesh merging module available
[2019.12.01-02.07.38:160][  0]LogMeshMerging: No distributed automatic mesh merging module available
[2019.12.01-02.07.38:168][  0]LogNetVersion: Juego_Motores_Avanz 1.0.0, NetCL: 8386587, EngineNetVer: 11, GameNetVer: 0 (Checksum: 3167893532)
[2019.12.01-02.07.38:523][  0]LogPackageLocalizationCache: Processed 12 localized package path(s) for 1 prioritized culture(s) in 0.049487 seconds
[2019.12.01-02.07.38:529][  0]LogUObjectArray: 43444 objects as part of root set at end of initial load.
[2019.12.01-02.07.38:529][  0]LogUObjectAllocator: 7548648 out of 0 bytes used by permanent object pool.
[2019.12.01-02.07.38:529][  0]LogUObjectArray: CloseDisregardForGC: 0/0 objects in disregard for GC pool
[2019.12.01-02.07.39:278][  0]LogTcpMessaging: Initializing TcpMessaging bridge
[2019.12.01-02.07.39:281][  0]LogUdpMessaging: Initializing bridge on interface 0.0.0.0:0 to multicast group 230.0.0.1:6666.
[2019.12.01-02.07.39:328][  0]SourceControl: El control de código fuente está desactivado
[2019.12.01-02.07.39:795][  0]LogAndroidPermission: UAndroidPermissionCallbackProxy::GetInstance
[2019.12.01-02.07.40:127][  0]LogOcInput: OculusInput pre-init called
[2019.12.01-02.07.40:133][  0]LogWindows: Failed to load 'OVRPlugin.dll' (GetLastError=126)
[2019.12.01-02.07.40:133][  0]LogWindows: File 'OVRPlugin.dll' does not exist
[2019.12.01-02.07.40:193][  0]LogEngine: Initializing Engine...
[2019.12.01-02.07.40:194][  0]LogHMD: Failed to initialize OpenVR with code 110
[2019.12.01-02.07.40:195][  0]LogStats: UGameplayTagsManager::InitializeManager -  0.000 s
[2019.12.01-02.07.40:392][  0]LogInit: Initializing FReadOnlyCVARCache
[2019.12.01-02.07.40:406][  0]LogAIModule: Creating AISystem for world Untitled
[2019.12.01-02.07.40:536][  0]LogInit: XAudio2 using 'Altavoces (Realtek High Definition Audio)' : 2 channels at 48 kHz using 32 bits per sample (channel mask 0x3)
[2019.12.01-02.07.40:591][  0]LogInit: FAudioDevice initialized.
[2019.12.01-02.07.40:591][  0]LogNetVersion: Set ProjectVersion to 1.0.0.0. Version Checksum will be recalculated on next use.
[2019.12.01-02.07.41:043][  0]LogDerivedDataCache: Saved boot cache 0.45s 73MB C:/Users/Usuario/AppData/Local/UnrealEngine/4.23/DerivedDataCache/Boot.ddc.
[2019.12.01-02.07.41:054][  0]LogInit: Texture streaming: Enabled
[2019.12.01-02.07.41:073][  0]LogEngineSessionManager: EngineSessionManager initialized
[2019.12.01-02.07.41:073][  0]LogEditorSessionSummary: Verbose: Initializing EditorSessionSummaryWriter for editor session tracking
[2019.12.01-02.07.41:074][  0]LogEditorSessionSummary: EditorSessionSummaryWriter initialized
[2019.12.01-02.07.41:131][  0]LogInit: Transaction tracking system initialized
[2019.12.01-02.07.41:160][  0]BlueprintLog: New page: Cargar el editor
[2019.12.01-02.07.41:230][  0]LocalizationService: Localization service is disabled
[2019.12.01-02.07.41:423][  0]LogFileCache: Scanning file cache for directory 'C:/Users/Usuario/Documents/Unreal Projects/Juego_Motores_Avanz/Content/' took 0.00s
[2019.12.01-02.07.41:423][  0]LogCook: Display: Max memory allowance for cook 16384mb min free memory 0mb
[2019.12.01-02.07.41:423][  0]LogCook: Display: Mobile HDR setting 1
[2019.12.01-02.07.41:581][  0]Cmd: MAP LOAD FILE="C:/Users/Usuario/Documents/Unreal Projects/Juego_Motores_Avanz/Content/ThirdPersonBP/Maps/ThirdPersonExampleMap.umap" TEMPLATE=0 SHOWPROGRESS=1 FEATURELEVEL=3
[2019.12.01-02.07.41:582][  0]LightingResults: New page: Diseñar la iluminación
[2019.12.01-02.07.41:584][  0]LogWorld: UWorld::CleanupWorld for Untitled, bSessionEnded=true, bCleanupResources=true
[2019.12.01-02.07.41:584][  0]MapCheck: New page: Revisión del mapa
[2019.12.01-02.07.41:584][  0]LightingResults: New page: Diseñar la iluminación
[2019.12.01-02.07.41:606][  0]LogUObjectHash: Compacting FUObjectHashTables data took   1.46ms
[2019.12.01-02.07.41:894][  0]LogAIModule: Creating AISystem for world ThirdPersonExampleMap
[2019.12.01-02.07.41:911][  0]LogEditorServer: Finished looking for orphan Actors (0.000 secs)
[2019.12.01-02.07.41:935][  0]LogUObjectHash: Compacting FUObjectHashTables data took   2.06ms
[2019.12.01-02.07.41:935][  0]Cmd: MAP CHECKDEP NOCLEARLOG
[2019.12.01-02.07.41:935][  0]MapCheck: Map check complete: 0 Error(s), 0 Warning(s), took 0,143ms to complete.
[2019.12.01-02.07.41:935][  0]LogFileHelpers: Loading map 'ThirdPersonExampleMap' took 0.354
[2019.12.01-02.07.42:037][  0]LogSlate: Updating window title bar state: overlay mode, drag disabled, window buttons hidden, title bar hidden
[2019.12.01-02.07.42:044][  0]LogSlate: Updating window title bar state: overlay mode, drag disabled, window buttons hidden, title bar hidden
[2019.12.01-02.07.42:052][  0]LogSlate: Updating window title bar state: overlay mode, drag disabled, window buttons hidden, title bar hidden
[2019.12.01-02.07.42:059][  0]LogSlate: Updating window title bar state: overlay mode, drag disabled, window buttons hidden, title bar hidden
[2019.12.01-02.07.42:065][  0]LogCollectionManager: Loaded 0 collections in 0.001849 seconds
[2019.12.01-02.07.42:071][  0]LogFileCache: Scanning file cache for directory 'C:/Users/Usuario/Documents/Unreal Projects/Juego_Motores_Avanz/Saved/Collections/' took 0.00s
[2019.12.01-02.07.42:071][  0]LogFileCache: Scanning file cache for directory 'C:/Users/Usuario/Documents/Unreal Projects/Juego_Motores_Avanz/Content/Developers/Usuario/Collections/' took 0.00s
[2019.12.01-02.07.42:071][  0]LogFileCache: Scanning file cache for directory 'C:/Users/Usuario/Documents/Unreal Projects/Juego_Motores_Avanz/Content/Collections/' took 0.00s
[2019.12.01-02.07.42:071][  0]LogCollectionManager: Rebuilt the GUID cache for 0 collections in 0.000002 seconds
[2019.12.01-02.07.42:078][  0]LogContentBrowser: Native class hierarchy populated in 0.0074 seconds. Added 2863 classes and 680 folders.
[2019.12.01-02.07.42:084][  0]LogContentBrowser: Native class hierarchy updated for 'WidgetCarousel' in 0.0002 seconds. Added 0 classes and 0 folders.
[2019.12.01-02.07.42:116][  0]LogContentBrowser: Native class hierarchy updated for 'AddContentDialog' in 0.0002 seconds. Added 0 classes and 0 folders.
[2019.12.01-02.07.42:121][  0]LogContentBrowser: Native class hierarchy updated for 'SceneOutliner' in 0.0002 seconds. Added 1 classes and 2 folders.
[2019.12.01-02.07.42:145][  0]LogSlate: Took 0.000145 seconds to synchronously load lazily loaded font '../../../Engine/Content/Slate/Fonts/Roboto-Regular.ttf' (155K)
[2019.12.01-02.07.42:147][  0]LogSlate: Took 0.000122 seconds to synchronously load lazily loaded font '../../../Engine/Content/Slate/Fonts/Roboto-Bold.ttf' (160K)
[2019.12.01-02.07.42:151][  0]LogSlate: Took 0.000175 seconds to synchronously load lazily loaded font '../../../Engine/Content/Editor/Slate/Fonts/FontAwesome.ttf' (139K)
[2019.12.01-02.07.42:211][  0]LogRenderer: Reallocating scene render targets to support 1208x572 Format 10 NumSamples 1 (Frame:1).
[2019.12.01-02.07.42:333][  0]LogContentBrowser: Native class hierarchy updated for 'HierarchicalLODOutliner' in 0.0002 seconds. Added 0 classes and 0 folders.
[2019.12.01-02.07.42:333][  0]LogLoad: (Engine Initialization) Total time: 6.97 seconds
[2019.12.01-02.07.42:333][  0]LogLoad: (Engine Initialization) Total Blueprint compile time: 0.00 seconds
[2019.12.01-02.07.42:412][  0]LogContentStreaming: Texture pool size now 1000 MB
[2019.12.01-02.07.42:445][  0]LogSlate: Took 0.000131 seconds to synchronously load lazily loaded font '../../../Engine/Content/Slate/Fonts/Roboto-Light.ttf' (167K)
[2019.12.01-02.07.42:470][  1]LogAssetRegistry: Asset discovery search completed in 4.6669 seconds
[2019.12.01-02.07.42:474][  1]LogCollectionManager: Rebuilt the object cache for 0 collections in 0.000004 seconds (found 0 objects)
[2019.12.01-02.07.42:474][  1]LogCollectionManager: Fixed up redirectors for 0 collections in 0.000078 seconds (updated 0 objects)
[2019.12.01-02.07.52:410][167]LogSlate: FSceneViewport::OnFocusLost() reason 2
[2019.12.01-02.07.54:596][415]SourceControl: fatal: D:/unreal/UE_4.23/Engine/Content: 'D:/unreal/UE_4.23/Engine/Content' is outside repository
[2019.12.01-02.07.54:693][415]LogSlate: FSceneViewport::OnFocusLost() reason 5
[2019.12.01-02.08.08:068][415]LogSlate: Window 'Enviar archivos' being destroyed
[2019.12.01-02.08.08:081][415]LogSlate: FSceneViewport::OnFocusLost() reason 5
[2019.12.01-02.08.08:405][415]LogSlate: FSceneViewport::OnFocusLost() reason 5
[2019.12.01-02.08.08:689][415]LogSlate: FSceneViewport::OnFocusLost() reason 5
[2019.12.01-02.08.10:028][415]LogSourceControl: commit successful: [master 78360b6] Actulizacion domingo
[2019.12.01-02.08.10:261][415]SourceControl: [master 78360b6] Actulizacion domingo
[2019.12.01-02.08.10:261][415]SourceControl:  8 files changed, 3 insertions(+), 1 deletion(-)
[2019.12.01-02.08.10:261][415]SourceControl:  rewrite Content/StarterContent/Architecture/Floor_400x400.uasset (89%)
[2019.12.01-02.08.10:261][415]SourceControl:  create mode 100644 Content/assets/EspadaGIratoria.uasset
[2019.12.01-02.08.10:261][415]SourceControl:  create mode 100644 Content/assets/Hacha.uasset
[2019.12.01-02.08.10:261][415]SourceControl:  create mode 100644 Content/assets/bolaDeFuego.uasset
[2019.12.01-02.08.10:261][415]SourceControl:  create mode 100644 Content/assets/trampa.uasset
[2019.12.01-02.08.10:384][415]SourceControl: Commited [master 78360b6] Actulizacion domingo.
[2019.12.01-02.11.18:237][228]LogSlate: FSceneViewport::OnFocusLost() reason 0
[2019.12.01-02.11.32:832][964]LogSlate: FSceneViewport::OnFocusLost() reason 0
[2019.12.01-02.11.32:907][973]LogTemp: Repeating last play command: Selected Viewport
[2019.12.01-02.11.32:919][973]LogBlueprintUserMessages: Early PlayInEditor Detection: Level '/Game/ThirdPersonBP/Maps/ThirdPersonExampleMap.ThirdPersonExampleMap:PersistentLevel' has LevelScriptBlueprint '/Game/ThirdPersonBP/Maps/ThirdPersonExampleMap.ThirdPersonExampleMap:PersistentLevel.ThirdPersonExampleMap' with GeneratedClass '/Game/ThirdPersonBP/Maps/ThirdPersonExampleMap.ThirdPersonExampleMap_C' with ClassGeneratedBy '/Game/ThirdPersonBP/Maps/ThirdPersonExampleMap.ThirdPersonExampleMap:PersistentLevel.ThirdPersonExampleMap'
[2019.12.01-02.11.32:919][973]LogPlayLevel: PlayLevel: No blueprints needed recompiling
[2019.12.01-02.11.32:919][973]PIE: New page: Sesión PIE (reproducción en el editor): ThirdPersonExampleMap (30/11/2019 16:11:32)
[2019.12.01-02.11.32:920][973]LogOnline: OSS: Creating online subsystem instance for: NULL
[2019.12.01-02.11.32:921][973]LogPlayLevel: Creating play world package: /Game/ThirdPersonBP/Maps/UEDPIE_0_ThirdPersonExampleMap
[2019.12.01-02.11.32:936][973]LogPlayLevel: PIE: StaticDuplicateObject took: (0.014326s)
[2019.12.01-02.11.32:937][973]LogAIModule: Creating AISystem for world ThirdPersonExampleMap
[2019.12.01-02.11.32:937][973]LogPlayLevel: PIE: World Init took: (0.001499s)
[2019.12.01-02.11.32:937][973]LogPlayLevel: PIE: Created PIE world by copying editor world from /Game/ThirdPersonBP/Maps/ThirdPersonExampleMap.ThirdPersonExampleMap to /Game/ThirdPersonBP/Maps/UEDPIE_0_ThirdPersonExampleMap.ThirdPersonExampleMap (0.016130s)
[2019.12.01-02.11.32:960][973]LogUObjectHash: Compacting FUObjectHashTables data took   1.40ms
[2019.12.01-02.11.33:023][973]LogInit: XAudio2 using 'Altavoces (Realtek High Definition Audio)' : 2 channels at 48 kHz using 32 bits per sample (channel mask 0x3)
[2019.12.01-02.11.33:032][973]LogInit: FAudioDevice initialized.
[2019.12.01-02.11.33:044][973]LogLoad: Game class is 'ThirdPersonGameMode_C'
[2019.12.01-02.11.33:046][973]LogWorld: Bringing World /Game/ThirdPersonBP/Maps/UEDPIE_0_ThirdPersonExampleMap.ThirdPersonExampleMap up for play (max tick rate 0) at 2019.11.30-21.11.33
[2019.12.01-02.11.33:047][973]LogWorld: Bringing up level for play took: 0.001874
[2019.12.01-02.11.33:047][973]LogOnline: OSS: Creating online subsystem instance for: :Context_3
[2019.12.01-02.11.33:054][973]LogContentBrowser: Native class hierarchy updated for 'MovieSceneCapture' in 0.0003 seconds. Added 20 classes and 0 folders.
[2019.12.01-02.11.33:054][973]PIE: Tiempo de inicio de la reproducción en el editor para  /Game/ThirdPersonBP/Maps/UEDPIE_0_ThirdPersonExampleMap 0,881
[2019.12.01-02.11.33:054][973]LogBlueprintUserMessages: Late PlayInEditor Detection: Level '/Game/ThirdPersonBP/Maps/ThirdPersonExampleMap.ThirdPersonExampleMap:PersistentLevel' has LevelScriptBlueprint '/Game/ThirdPersonBP/Maps/ThirdPersonExampleMap.ThirdPersonExampleMap:PersistentLevel.ThirdPersonExampleMap' with GeneratedClass '/Game/ThirdPersonBP/Maps/ThirdPersonExampleMap.ThirdPersonExampleMap_C' with ClassGeneratedBy '/Game/ThirdPersonBP/Maps/ThirdPersonExampleMap.ThirdPersonExampleMap:PersistentLevel.ThirdPersonExampleMap'
[2019.12.01-02.11.34:873][188]LogBlueprintUserMessages: Early EndPlayMap Detection: Level '/Game/ThirdPersonBP/Maps/ThirdPersonExampleMap.ThirdPersonExampleMap:PersistentLevel' has LevelScriptBlueprint '/Game/ThirdPersonBP/Maps/ThirdPersonExampleMap.ThirdPersonExampleMap:PersistentLevel.ThirdPersonExampleMap' with GeneratedClass '/Game/ThirdPersonBP/Maps/ThirdPersonExampleMap.ThirdPersonExampleMap_C' with ClassGeneratedBy '/Game/ThirdPersonBP/Maps/ThirdPersonExampleMap.ThirdPersonExampleMap:PersistentLevel.ThirdPersonExampleMap'
[2019.12.01-02.11.34:873][188]LogSlate: Updating window title bar state: overlay mode, drag disabled, window buttons hidden, title bar hidden
[2019.12.01-02.11.34:873][188]LogWorld: BeginTearingDown for /Game/ThirdPersonBP/Maps/UEDPIE_0_ThirdPersonExampleMap
[2019.12.01-02.11.34:873][188]LogWorld: UWorld::CleanupWorld for ThirdPersonExampleMap, bSessionEnded=true, bCleanupResources=true
[2019.12.01-02.11.34:882][188]LogPlayLevel: Display: Shutting down PIE online subsystems
[2019.12.01-02.11.34:883][188]LogBlueprintUserMessages: Late EndPlayMap Detection: Level '/Game/ThirdPersonBP/Maps/ThirdPersonExampleMap.ThirdPersonExampleMap:PersistentLevel' has LevelScriptBlueprint '/Game/ThirdPersonBP/Maps/ThirdPersonExampleMap.ThirdPersonExampleMap:PersistentLevel.ThirdPersonExampleMap' with GeneratedClass '/Game/ThirdPersonBP/Maps/ThirdPersonExampleMap.ThirdPersonExampleMap_C' with ClassGeneratedBy '/Game/ThirdPersonBP/Maps/ThirdPersonExampleMap.ThirdPersonExampleMap:PersistentLevel.ThirdPersonExampleMap'
[2019.12.01-02.11.34:908][188]LogSlate: Updating window title bar state: overlay mode, drag disabled, window buttons hidden, title bar hidden
[2019.12.01-02.11.34:911][188]LogUObjectHash: Compacting FUObjectHashTables data took   1.59ms
[2019.12.01-02.11.34:979][194]LogPlayLevel: Display: Destroying online subsystem :Context_3
[2019.12.01-02.11.44:654][331]LogSlate: FSceneViewport::OnFocusLost() reason 0
[2019.12.01-02.11.46:731][494]LogSlate: Took 0.000158 seconds to synchronously load lazily loaded font '../../../Engine/Content/Slate/Fonts/Roboto-Light.ttf' (167K)
[2019.12.01-02.11.48:157][494]LogSlate: Window 'Escoger clase padre' being destroyed
[2019.12.01-02.11.54:225][  5]LogUObjectHash: Compacting FUObjectHashTables data took   1.26ms
[2019.12.01-02.11.54:353][  5]LogSavePackage: Moving 'C:/Users/Usuario/Documents/Unreal Projects/Juego_Motores_Avanz/Saved/ThirdPersonExampleMap891EC53A40A5BC832A4BB0AD7904F4DE.tmp' to 'C:/Users/Usuario/Documents/Unreal Projects/Juego_Motores_Avanz/Content/ThirdPersonBP/Maps/ThirdPersonExampleMap.umap'
[2019.12.01-02.11.54:628][  5]LogSavePackage: Moving 'C:/Users/Usuario/Documents/Unreal Projects/Juego_Motores_Avanz/Saved/ThirdPersonExampleMap_BuiltData4C3F565E432312724C09719C5ED2528C.tmp' to 'C:/Users/Usuario/Documents/Unreal Projects/Juego_Motores_Avanz/Content/ThirdPersonBP/Maps/ThirdPersonExampleMap_BuiltData.uasset'
[2019.12.01-02.11.57:265][298]SourceControl: fatal: D:/unreal/UE_4.23/Engine/Content: 'D:/unreal/UE_4.23/Engine/Content' is outside repository
[2019.12.01-02.12.12:506][298]LogSlate: Window 'Enviar archivos' being destroyed
[2019.12.01-02.12.14:310][492]Cmd: OBJ SAVEPACKAGE PACKAGE="/Game/assets/asd" FILE="C:/Users/Usuario/Documents/Unreal Projects/Juego_Motores_Avanz/Content/assets/asd.uasset" SILENT=true
[2019.12.01-02.12.14:321][492]LogSavePackage: Moving 'C:/Users/Usuario/Documents/Unreal Projects/Juego_Motores_Avanz/Saved/asd6A39929B497B5C76DBBFE3A39D817CD1.tmp' to 'C:/Users/Usuario/Documents/Unreal Projects/Juego_Motores_Avanz/Content/assets/asd.uasset'
[2019.12.01-02.12.16:485][727]SourceControl: fatal: D:/unreal/UE_4.23/Engine/Content: 'D:/unreal/UE_4.23/Engine/Content' is outside repository
[2019.12.01-02.12.31:679][727]LogSlate: Window 'Enviar archivos' being destroyed
[2019.12.01-02.12.33:494][727]LogSourceControl: commit successful: [master a370ee8] Actualizacion 3
[2019.12.01-02.12.33:628][727]SourceControl: [master a370ee8] Actualizacion 3
[2019.12.01-02.12.33:628][727]SourceControl:  3 files changed, 0 insertions(+), 0 deletions(-)
[2019.12.01-02.12.33:628][727]SourceControl:  create mode 100644 Content/assets/asd.uasset
[2019.12.01-02.12.33:745][727]SourceControl: Commited [master a370ee8] Actualizacion 3.
[2019.12.01-02.13.43:172][248]LogEditorSessionSummary: EditorSessionSummary sent report. Type=Shutdown, SessionId={141EE03C-4509-7513-30DF-A38BF6C6C8BE}
[2019.12.01-02.16.01:709][103]LogUObjectHash: Compacting FUObjectHashTables data took   1.69ms
[2019.12.01-02.16.01:865][103]LogSavePackage: Moving 'C:/Users/Usuario/Documents/Unreal Projects/Juego_Motores_Avanz/Saved/ThirdPersonExampleMapF4FD091647936A282C80548E0B4F5AC3.tmp' to 'C:/Users/Usuario/Documents/Unreal Projects/Juego_Motores_Avanz/Content/ThirdPersonBP/Maps/ThirdPersonExampleMap.umap'
[2019.12.01-02.16.02:093][103]LogSavePackage: Moving 'C:/Users/Usuario/Documents/Unreal Projects/Juego_Motores_Avanz/Saved/ThirdPersonExampleMap_BuiltData031E92914CA78CBCCEAB19A905B80649.tmp' to 'C:/Users/Usuario/Documents/Unreal Projects/Juego_Motores_Avanz/Content/ThirdPersonBP/Maps/ThirdPersonExampleMap_BuiltData.uasset'
[2019.12.01-02.16.04:305][360]SourceControl: fatal: D:/unreal/UE_4.23/Engine/Content: 'D:/unreal/UE_4.23/Engine/Content' is outside repository
[2019.12.01-02.16.14:040][360]LogSlate: Window 'Enviar archivos' being destroyed
[2019.12.01-02.16.15:411][360]LogSourceControl: commit successful: [master 839fa9e] actualizacion 4
[2019.12.01-02.16.15:461][360]SourceControl: [master 839fa9e] actualizacion 4
[2019.12.01-02.16.15:461][360]SourceControl:  2 files changed, 0 insertions(+), 0 deletions(-)
[2019.12.01-02.16.15:583][360]SourceControl: Commited [master 839fa9e] actualizacion 4.
[2019.12.01-02.17.43:613][622]LogEditorSessionSummary: EditorSessionSummary sent report. Type=Shutdown, SessionId={7FFC23CE-4FE6-9EE8-C398-37A991211327}
[2019.12.01-02.17.43:613][622]LogEditorSessionSummary: EditorSessionSummary sent report. Type=Shutdown, SessionId={1833EC90-4E1B-FF1B-B480-5794EE9591C0}
[2019.12.01-02.20.40:982][979]LogAssetEditorManager: Opening Asset editor for World /Game/ThirdPersonBP/Maps/ThirdPersonExampleMap.ThirdPersonExampleMap
[2019.12.01-02.20.41:006][979]LogUObjectHash: Compacting FUObjectHashTables data took   1.74ms
[2019.12.01-02.20.41:024][979]Cmd: MAP LOAD FILE="C:/Users/Usuario/Documents/Unreal Projects/Juego_Motores_Avanz/Content/ThirdPersonBP/Maps/ThirdPersonExampleMap.umap" TEMPLATE=0 SHOWPROGRESS=1 FEATURELEVEL=3
[2019.12.01-02.20.41:024][979]LightingResults: New page: Diseñar la iluminación
[2019.12.01-02.20.41:024][979]LoadErrors: New page: Cargando mapa: ThirdPersonExampleMap.umap
[2019.12.01-02.20.41:025][979]LogWorld: UWorld::CleanupWorld for ThirdPersonExampleMap, bSessionEnded=true, bCleanupResources=true
[2019.12.01-02.20.41:025][979]MapCheck: New page: Revisión del mapa
[2019.12.01-02.20.41:025][979]LightingResults: New page: Diseñar la iluminación
[2019.12.01-02.20.41:049][979]LogUObjectHash: Compacting FUObjectHashTables data took   1.59ms
[2019.12.01-02.20.41:068][979]LogAIModule: Creating AISystem for world ThirdPersonExampleMap
[2019.12.01-02.20.41:078][979]LogEditorServer: Finished looking for orphan Actors (0.000 secs)
[2019.12.01-02.20.41:102][979]LogUObjectHash: Compacting FUObjectHashTables data took   1.57ms
[2019.12.01-02.20.41:123][979]Cmd: MAP CHECKDEP NOCLEARLOG
[2019.12.01-02.20.41:123][979]MapCheck: Map check complete: 0 Error(s), 0 Warning(s), took 0,138ms to complete.
[2019.12.01-02.20.41:125][979]LogFileHelpers: Loading map 'ThirdPersonExampleMap' took 0.119
[2019.12.01-02.20.42:391][124]LogAssetEditorManager: Opening Asset editor for MapBuildDataRegistry /Game/ThirdPersonBP/Maps/ThirdPersonExampleMap_BuiltData.ThirdPersonExampleMap_BuiltData
[2019.12.01-02.20.43:915][300]LogSlate: Window 'ThirdPersonExampleMap_BuiltData' being destroyed
[2019.12.01-02.20.43:921][300]LogSlate: Window 'ThirdPersonExampleMap_BuiltData' being destroyed
[2019.12.01-02.20.47:383][696]SourceControl: fatal: D:/unreal/UE_4.23/Engine/Content: 'D:/unreal/UE_4.23/Engine/Content' is outside repository
[2019.12.01-02.21.15:795][696]LogSlate: Window 'Enviar archivos' being destroyed
[2019.12.01-02.21.17:066][696]LogSourceControl: commit successful: [master 8717114] acta 7
[2019.12.01-02.21.17:294][696]SourceControl: [master 8717114] acta 7
[2019.12.01-02.21.17:294][696]SourceControl:  9 files changed, 3 insertions(+), 1 deletion(-)
[2019.12.01-02.21.17:294][696]SourceControl:  rewrite Content/StarterContent/Architecture/Floor_400x400.uasset (89%)
[2019.12.01-02.21.17:294][696]SourceControl:  create mode 100644 Content/assets/EspadaGIratoria.uasset
[2019.12.01-02.21.17:294][696]SourceControl:  create mode 100644 Content/assets/Hacha.uasset
[2019.12.01-02.21.17:294][696]SourceControl:  create mode 100644 Content/assets/asd.uasset
[2019.12.01-02.21.17:294][696]SourceControl:  create mode 100644 Content/assets/bolaDeFuego.uasset
[2019.12.01-02.21.17:294][696]SourceControl:  create mode 100644 Content/assets/trampa.uasset
[2019.12.01-02.21.17:415][696]SourceControl: Commited [master 8717114] acta 7.
[2019.12.01-02.21.59:405][868]LogAssetEditorManager: Opening Asset editor for Material /Game/assets/mallasEstaticas/cINZA.cINZA
[2019.12.01-02.21.59:426][868]LogMaterial: Display: Missing cached shader map for material cINZA, compiling. 
[2019.12.01-02.22.00:178][868]LogMaterial: Display: Missing cached shader map for material cINZA, compiling. 
[2019.12.01-02.22.00:213][868]LogShaderCompilers: Display: Worker (1/3): shaders left to compile 21
[2019.12.01-02.22.00:214][868]LogShaderCompilers: Display: Worker (2/3): shaders left to compile 20
[2019.12.01-02.22.00:214][868]LogShaderCompilers: Display: Worker (3/3): shaders left to compile 19
[2019.12.01-02.22.00:215][868]LogMaterial: Display: Missing cached shader map for material cINZA, compiling. 
[2019.12.01-02.22.00:247][868]LogMaterial: Display: Missing cached shader map for material FMatExpressionPreview MaterialExpressionVectorParameter_0, compiling. 
[2019.12.01-02.22.00:282][868]LogSlate: Took 0.000138 seconds to synchronously load lazily loaded font '../../../Engine/Content/Slate/Fonts/Roboto-BoldCondensed.ttf' (158K)
[2019.12.01-02.22.00:595][869]LogSlate: Took 0.000150 seconds to synchronously load lazily loaded font '../../../Engine/Content/Slate/Fonts/Roboto-Italic.ttf' (157K)
[2019.12.01-02.22.00:878][889]LogShaderCompilers: Display: Worker (1/3): shaders left to compile 25
[2019.12.01-02.22.00:923][893]LogShaderCompilers: Display: Worker (3/3): shaders left to compile 24
[2019.12.01-02.22.01:622][955]LogShaderCompilers: Display: Worker (2/3): shaders left to compile 23
[2019.12.01-02.22.01:811][973]LogShaderCompilers: Display: Worker (1/3): shaders left to compile 22
[2019.12.01-02.22.01:863][978]LogShaderCompilers: Display: Worker (3/3): shaders left to compile 21
[2019.12.01-02.22.02:155][  1]LogMaterialEditor: Saving and Compiling material cINZA
[2019.12.01-02.22.02:266][  1]LogShaderCompilers: Display: Worker (2/3): shaders left to compile 20
[2019.12.01-02.22.02:276][  1]Cmd: OBJ SAVEPACKAGE PACKAGE="/Game/assets/mallasEstaticas/cINZA" FILE="C:/Users/Usuario/Documents/Unreal Projects/Juego_Motores_Avanz/Content/assets/mallasEstaticas/cINZA.uasset" SILENT=true
[2019.12.01-02.22.02:301][  1]LogSavePackage: Moving 'C:/Users/Usuario/Documents/Unreal Projects/Juego_Motores_Avanz/Saved/cINZAFE3C0A244FEFFA15C8842EAE48653770.tmp' to 'C:/Users/Usuario/Documents/Unreal Projects/Juego_Motores_Avanz/Content/assets/mallasEstaticas/cINZA.uasset'
[2019.12.01-02.22.02:320][  2]LogShaderCompilers: Display: Worker (1/3): shaders left to compile 19
[2019.12.01-02.22.02:710][ 38]LogShaderCompilers: Display: Worker (3/3): shaders left to compile 18
[2019.12.01-02.22.03:096][ 76]LogShaderCompilers: Display: Worker (2/3): shaders left to compile 17
[2019.12.01-02.22.03:118][ 78]LogShaderCompilers: Display: Worker (3/3): shaders left to compile 16
[2019.12.01-02.22.03:396][106]LogShaderCompilers: Display: Worker (1/3): shaders left to compile 15
[2019.12.01-02.22.03:735][138]LogShaderCompilers: Display: Worker (2/3): shaders left to compile 14
[2019.12.01-02.22.03:768][140]LogSlate: Window 'cINZA' being destroyed
[2019.12.01-02.22.03:778][140]LogSlate: Window 'cINZA' being destroyed
[2019.12.01-02.22.04:023][140]LogShaderCompilers: Display: Worker (2/3): shaders left to compile 13
[2019.12.01-02.22.04:023][140]LogShaderCompilers: Display: Worker (3/3): shaders left to compile 12
[2019.12.01-02.22.04:037][140]LogWorld: UWorld::CleanupWorld for World_3, bSessionEnded=true, bCleanupResources=true
[2019.12.01-02.22.04:223][160]LogShaderCompilers: Display: Worker (1/3): shaders left to compile 7
[2019.12.01-02.22.04:881][235]LogShaderCompilers: Display: Worker (1/3): shaders left to compile 6
[2019.12.01-02.22.05:019][251]LogShaderCompilers: Display: Worker (2/3): shaders left to compile 5
[2019.12.01-02.22.05:176][269]LogShaderCompilers: Display: Worker (3/3): shaders left to compile 4
[2019.12.01-02.22.05:683][319]LogShaderCompilers: Display: Worker (3/3): shaders left to compile 3
[2019.12.01-02.22.05:940][348]LogShaderCompilers: Display: Worker (1/3): shaders left to compile 2
[2019.12.01-02.22.06:088][362]LogShaderCompilers: Display: Worker (2/3): shaders left to compile 1
[2019.12.01-02.22.26:311][364]LogSlate: FSceneViewport::OnFocusLost() reason 0
[2019.12.01-02.22.28:382][490]LogAssetEditorManager: Opening Asset editor for Material /Game/assets/mallasEstaticas/Cylinder1_defaultMat.Cylinder1_defaultMat
[2019.12.01-02.22.28:386][490]LogMaterial: Display: Missing cached shader map for material Cylinder1_defaultMat, compiling. 
[2019.12.01-02.22.28:463][490]LogMaterial: Display: Missing cached shader map for material Cylinder1_defaultMat, compiling. 
[2019.12.01-02.22.28:478][490]LogMaterial: Display: Missing cached shader map for material Cylinder1_defaultMat, compiling. 
[2019.12.01-02.22.28:501][490]LogShaderCompilers: Display: Worker (1/3): shaders left to compile 21
[2019.12.01-02.22.28:501][490]LogShaderCompilers: Display: Worker (2/3): shaders left to compile 20
[2019.12.01-02.22.28:501][490]LogShaderCompilers: Display: Worker (3/3): shaders left to compile 19
[2019.12.01-02.22.28:501][490]LogMaterial: Display: Missing cached shader map for material FMatExpressionPreview MaterialExpressionVectorParameter_0, compiling. 
[2019.12.01-02.22.29:361][555]LogShaderCompilers: Display: Worker (3/3): shaders left to compile 22
[2019.12.01-02.22.29:590][577]LogShaderCompilers: Display: Worker (2/3): shaders left to compile 21
[2019.12.01-02.22.29:878][598]LogShaderCompilers: Display: Worker (3/3): shaders left to compile 20
[2019.12.01-02.22.29:910][599]LogMaterialEditor: Saving and Compiling material Cylinder1_defaultMat
[2019.12.01-02.22.29:974][599]LogShaderCompilers: Display: Worker (1/3): shaders left to compile 19
[2019.12.01-02.22.29:985][599]LogShaderCompilers: Display: Worker (2/3): shaders left to compile 18
[2019.12.01-02.22.30:064][599]LogSavePackage: Moving 'C:/Users/Usuario/Documents/Unreal Projects/Juego_Motores_Avanz/Saved/Cylinder1_defaultMat62F8214242F1FE7DBF7073A03E09C69E.tmp' to 'C:/Users/Usuario/Documents/Unreal Projects/Juego_Motores_Avanz/Content/assets/mallasEstaticas/Cylinder1_defaultMat.uasset'
[2019.12.01-02.22.30:356][624]LogShaderCompilers: Display: Worker (2/3): shaders left to compile 17
[2019.12.01-02.22.30:568][644]LogShaderCompilers: Display: Worker (3/3): shaders left to compile 16
[2019.12.01-02.22.30:713][658]LogShaderCompilers: Display: Worker (1/3): shaders left to compile 15
[2019.12.01-02.22.30:785][665]LogSlate: Window 'Cylinder1_defaultMat' being destroyed
[2019.12.01-02.22.30:789][665]LogSlate: Window 'Cylinder1_defaultMat' being destroyed
[2019.12.01-02.22.30:820][665]LogWorld: UWorld::CleanupWorld for World_4, bSessionEnded=true, bCleanupResources=true
[2019.12.01-02.22.30:917][675]LogShaderCompilers: Display: Worker (2/3): shaders left to compile 10
[2019.12.01-02.22.31:738][744]LogShaderCompilers: Display: Worker (2/3): shaders left to compile 9
[2019.12.01-02.22.31:794][746]LogAssetEditorManager: Opening Asset editor for Material /Game/assets/mallasEstaticas/PRETA.PRETA
[2019.12.01-02.22.31:798][746]LogMaterial: Display: Missing cached shader map for material PRETA, compiling. 
[2019.12.01-02.22.31:869][746]LogShaderCompilers: Display: Worker (3/3): shaders left to compile 8
[2019.12.01-02.22.31:872][746]LogMaterial: Display: Missing cached shader map for material PRETA, compiling. 
[2019.12.01-02.22.31:888][746]LogMaterial: Display: Missing cached shader map for material PRETA, compiling. 
[2019.12.01-02.22.31:900][746]LogShaderCompilers: Display: Worker (1/3): shaders left to compile 7
[2019.12.01-02.22.31:910][746]LogMaterial: Display: Missing cached shader map for material FMatExpressionPreview MaterialExpressionVectorParameter_0, compiling. 
[2019.12.01-02.22.32:694][803]LogShaderCompilers: Display: Worker (1/3): shaders left to compile 31
[2019.12.01-02.22.32:889][821]LogShaderCompilers: Display: Worker (2/3): shaders left to compile 30
[2019.12.01-02.22.33:126][844]LogMaterialEditor: Saving and Compiling material PRETA
[2019.12.01-02.22.33:249][844]Cmd: OBJ SAVEPACKAGE PACKAGE="/Game/assets/mallasEstaticas/PRETA" FILE="C:/Users/Usuario/Documents/Unreal Projects/Juego_Motores_Avanz/Content/assets/mallasEstaticas/PRETA.uasset" SILENT=true
[2019.12.01-02.22.33:276][844]LogShaderCompilers: Display: Worker (3/3): shaders left to compile 29
[2019.12.01-02.22.33:276][844]LogSavePackage: Moving 'C:/Users/Usuario/Documents/Unreal Projects/Juego_Motores_Avanz/Saved/PRETAD0B94FB24C825E9FB0499AA3029339A7.tmp' to 'C:/Users/Usuario/Documents/Unreal Projects/Juego_Motores_Avanz/Content/assets/mallasEstaticas/PRETA.uasset'
[2019.12.01-02.22.33:464][861]LogMaterialEditor: Saving and Compiling material PRETA
[2019.12.01-02.22.33:564][861]Cmd: OBJ SAVEPACKAGE PACKAGE="/Game/assets/mallasEstaticas/PRETA" FILE="C:/Users/Usuario/Documents/Unreal Projects/Juego_Motores_Avanz/Content/assets/mallasEstaticas/PRETA.uasset" SILENT=true
[2019.12.01-02.22.33:579][861]LogSavePackage: Moving 'C:/Users/Usuario/Documents/Unreal Projects/Juego_Motores_Avanz/Saved/PRETAB292622040B06B292623C3A515550390.tmp' to 'C:/Users/Usuario/Documents/Unreal Projects/Juego_Motores_Avanz/Content/assets/mallasEstaticas/PRETA.uasset'
[2019.12.01-02.22.33:774][879]LogMaterialEditor: Saving and Compiling material PRETA
[2019.12.01-02.22.33:875][879]Cmd: OBJ SAVEPACKAGE PACKAGE="/Game/assets/mallasEstaticas/PRETA" FILE="C:/Users/Usuario/Documents/Unreal Projects/Juego_Motores_Avanz/Content/assets/mallasEstaticas/PRETA.uasset" SILENT=true
[2019.12.01-02.22.33:890][879]LogSavePackage: Moving 'C:/Users/Usuario/Documents/Unreal Projects/Juego_Motores_Avanz/Saved/PRETA9F88A2BB4E558A8CE42B0D93A1799FDD.tmp' to 'C:/Users/Usuario/Documents/Unreal Projects/Juego_Motores_Avanz/Content/assets/mallasEstaticas/PRETA.uasset'
[2019.12.01-02.22.34:286][916]LogShaderCompilers: Display: Worker (1/3): shaders left to compile 28
[2019.12.01-02.22.34:569][944]LogShaderCompilers: Display: Worker (3/3): shaders left to compile 27
[2019.12.01-02.22.34:788][963]LogShaderCompilers: Display: Worker (2/3): shaders left to compile 26
[2019.12.01-02.22.35:468][ 23]LogShaderCompilers: Display: Worker (1/3): shaders left to compile 25
[2019.12.01-02.22.35:703][ 44]LogShaderCompilers: Display: Worker (2/3): shaders left to compile 24
[2019.12.01-02.22.35:768][ 50]LogShaderCompilers: Display: Worker (3/3): shaders left to compile 23
[2019.12.01-02.22.36:259][ 94]LogShaderCompilers: Display: Worker (1/3): shaders left to compile 22
[2019.12.01-02.22.36:346][101]LogShaderCompilers: Display: Worker (2/3): shaders left to compile 21
[2019.12.01-02.22.36:366][101]LogShaderCompilers: Display: Worker (3/3): shaders left to compile 20
[2019.12.01-02.22.36:660][122]LogShaderCompilers: Display: Worker (1/3): shaders left to compile 19
[2019.12.01-02.22.36:842][137]LogShaderCompilers: Display: Worker (3/3): shaders left to compile 18
[2019.12.01-02.22.36:909][143]LogShaderCompilers: Display: Worker (2/3): shaders left to compile 17
[2019.12.01-02.22.37:202][169]LogShaderCompilers: Display: Worker (3/3): shaders left to compile 16
[2019.12.01-02.22.37:446][191]LogShaderCompilers: Display: Worker (1/3): shaders left to compile 15
[2019.12.01-02.22.37:581][204]LogShaderCompilers: Display: Worker (2/3): shaders left to compile 14
[2019.12.01-02.22.37:816][225]LogMaterialEditor: Saving and Compiling material PRETA
[2019.12.01-02.22.38:215][225]LogShaderCompilers: Display: Worker (2/3): shaders left to compile 13
[2019.12.01-02.22.38:215][225]LogShaderCompilers: Display: Worker (3/3): shaders left to compile 12
[2019.12.01-02.22.38:215][225]LogShaderCompilers: Display: Worker (1/3): shaders left to compile 11
[2019.12.01-02.22.38:231][225]LogMaterial: Display: Missing cached shader map for material PRETA, compiling. 
[2019.12.01-02.22.38:299][225]LogMaterial: Display: Missing cached shader map for material PRETA, compiling. 
[2019.12.01-02.22.38:319][225]LogMaterial: Display: Missing cached shader map for material PRETA, compiling. 
[2019.12.01-02.22.38:356][225]LogUObjectHash: Compacting FUObjectHashTables data took   1.74ms
[2019.12.01-02.22.38:381][225]LogMaterial: Display: Missing cached shader map for material DebugViewMode MaterialTexCoordScale, compiling. 
[2019.12.01-02.22.40:706][225]LogShaderCompilers: Display: Worker (1/3): shaders left to compile 49
[2019.12.01-02.22.40:706][225]LogShaderCompilers: Display: Worker (2/3): shaders left to compile 48
[2019.12.01-02.22.40:706][225]LogShaderCompilers: Display: Worker (3/3): shaders left to compile 47
[2019.12.01-02.22.40:706][225]LogShaderCompilers: Display: Worker (1/3): shaders left to compile 46
[2019.12.01-02.22.40:706][225]LogShaderCompilers: Display: Worker (2/3): shaders left to compile 45
[2019.12.01-02.22.40:706][225]LogShaderCompilers: Display: Worker (3/3): shaders left to compile 44
[2019.12.01-02.22.40:706][225]LogShaderCompilers: Display: Worker (2/3): shaders left to compile 43
[2019.12.01-02.22.40:706][225]LogShaderCompilers: Display: Worker (3/3): shaders left to compile 42
[2019.12.01-02.22.40:706][225]LogShaderCompilers: Display: Worker (1/3): shaders left to compile 41
[2019.12.01-02.22.40:706][225]LogShaderCompilers: Display: Worker (2/3): shaders left to compile 40
[2019.12.01-02.22.40:706][225]LogShaderCompilers: Display: Worker (3/3): shaders left to compile 39
[2019.12.01-02.22.40:706][225]LogShaderCompilers: Display: Worker (1/3): shaders left to compile 38
[2019.12.01-02.22.40:706][225]LogShaderCompilers: Display: Worker (1/3): shaders left to compile 37
[2019.12.01-02.22.40:706][225]LogShaderCompilers: Display: Worker (2/3): shaders left to compile 36
[2019.12.01-02.22.40:706][225]LogShaderCompilers: Display: Worker (3/3): shaders left to compile 35
[2019.12.01-02.22.40:706][225]LogShaderCompilers: Display: Worker (1/3): shaders left to compile 34
[2019.12.01-02.22.40:706][225]LogShaderCompilers: Display: Worker (1/3): shaders left to compile 33
[2019.12.01-02.22.40:706][225]LogShaderCompilers: Display: Worker (2/3): shaders left to compile 32
[2019.12.01-02.22.40:706][225]LogShaderCompilers: Display: Worker (3/3): shaders left to compile 31
[2019.12.01-02.22.40:706][225]LogShaderCompilers: Display: Worker (3/3): shaders left to compile 30
[2019.12.01-02.22.40:706][225]LogShaderCompilers: Display: Worker (1/3): shaders left to compile 29
[2019.12.01-02.22.40:706][225]LogShaderCompilers: Display: Worker (2/3): shaders left to compile 28
[2019.12.01-02.22.40:706][225]LogShaderCompilers: Display: Worker (2/3): shaders left to compile 27
[2019.12.01-02.22.40:706][225]LogShaderCompilers: Display: Worker (3/3): shaders left to compile 26
[2019.12.01-02.22.40:706][225]LogShaderCompilers: Display: Worker (1/3): shaders left to compile 25
[2019.12.01-02.22.40:706][225]LogShaderCompilers: Display: Worker (2/3): shaders left to compile 24
[2019.12.01-02.22.40:706][225]LogShaderCompilers: Display: Worker (1/3): shaders left to compile 23
[2019.12.01-02.22.40:706][225]LogShaderCompilers: Display: Worker (3/3): shaders left to compile 22
[2019.12.01-02.22.40:706][225]LogShaderCompilers: Display: Worker (2/3): shaders left to compile 14
[2019.12.01-02.22.40:706][225]LogShaderCompilers: Display: Worker (1/3): shaders left to compile 9
[2019.12.01-02.22.40:712][225]TextureStreamingBuild: Display: Compiling optional shaders took 2.356 seconds.
[2019.12.01-02.22.40:740][225]LogUObjectHash: Compacting FUObjectHashTables data took   0.61ms
[2019.12.01-02.22.42:430][225]LogShaderCompilers: Display: Worker (3/3): shaders left to compile 5
[2019.12.01-02.22.42:430][225]LogShaderCompilers: Display: Worker (1/3): shaders left to compile 3
[2019.12.01-02.22.42:430][225]LogShaderCompilers: Display: Worker (2/3): shaders left to compile 1
[2019.12.01-02.22.42:467][225]Cmd: OBJ SAVEPACKAGE PACKAGE="/Game/assets/mallasEstaticas/PRETA" FILE="C:/Users/Usuario/Documents/Unreal Projects/Juego_Motores_Avanz/Content/assets/mallasEstaticas/PRETA.uasset" SILENT=true
[2019.12.01-02.22.42:485][225]LogSavePackage: Moving 'C:/Users/Usuario/Documents/Unreal Projects/Juego_Motores_Avanz/Saved/PRETA7F40FC7A4DCBF97C6EE3AE8AFB072E99.tmp' to 'C:/Users/Usuario/Documents/Unreal Projects/Juego_Motores_Avanz/Content/assets/mallasEstaticas/PRETA.uasset'
[2019.12.01-02.22.42:511][225]MaterialEditorStats: Base pass shader: 119 instructions
[2019.12.01-02.22.42:512][225]MaterialEditorStats: Base pass shader with Volumetric Lightmap: 193 instructions
[2019.12.01-02.22.42:512][225]MaterialEditorStats: Base pass vertex shader: 40 instructions
[2019.12.01-02.22.42:512][225]MaterialEditorStats: Texture samplers: 3/16
[2019.12.01-02.22.43:207][288]LogSlate: Window 'PRETA' being destroyed
[2019.12.01-02.22.43:211][288]LogSlate: Window 'PRETA' being destroyed
[2019.12.01-02.22.43:240][288]LogWorld: UWorld::CleanupWorld for World_5, bSessionEnded=true, bCleanupResources=true
[2019.12.01-02.22.45:859][498]LogAssetEditorManager: Opening Asset editor for StaticMesh /Game/assets/mallasEstaticas/sword.sword
[2019.12.01-02.22.46:810][498]LogRenderer: Reallocating scene render targets to support 1432x920 Format 10 NumSamples 1 (Frame:1).
[2019.12.01-02.22.48:321][586]Cmd: OBJ SAVEPACKAGE PACKAGE="/Game/assets/mallasEstaticas/sword" FILE="C:/Users/Usuario/Documents/Unreal Projects/Juego_Motores_Avanz/Content/assets/mallasEstaticas/sword.uasset" SILENT=true
[2019.12.01-02.22.48:371][586]LogSavePackage: Moving 'C:/Users/Usuario/Documents/Unreal Projects/Juego_Motores_Avanz/Saved/sword9A7C7CE647060E83838A84871F498EBE.tmp' to 'C:/Users/Usuario/Documents/Unreal Projects/Juego_Motores_Avanz/Content/assets/mallasEstaticas/sword.uasset'
[2019.12.01-02.22.49:396][651]Cmd: OBJ SAVEPACKAGE PACKAGE="/Game/assets/mallasEstaticas/sword" FILE="C:/Users/Usuario/Documents/Unreal Projects/Juego_Motores_Avanz/Content/assets/mallasEstaticas/sword.uasset" SILENT=true
[2019.12.01-02.22.49:415][651]LogSavePackage: Moving 'C:/Users/Usuario/Documents/Unreal Projects/Juego_Motores_Avanz/Saved/swordCFD7052844612AF57DD52489770DFD50.tmp' to 'C:/Users/Usuario/Documents/Unreal Projects/Juego_Motores_Avanz/Content/assets/mallasEstaticas/sword.uasset'
[2019.12.01-02.22.50:091][699]LogSlate: Window 'sword' being destroyed
[2019.12.01-02.22.50:116][699]LogSlate: Window 'sword' being destroyed
[2019.12.01-02.22.50:127][699]LogWorld: UWorld::CleanupWorld for World_6, bSessionEnded=true, bCleanupResources=true
[2019.12.01-02.23.01:073][961]LogSlate: FSceneViewport::OnFocusLost() reason 0
[2019.12.01-02.23.01:440][985]LogAssetEditorManager: Opening Asset editor for StaticMesh /Game/assets/mallasEstaticas/ax_Cylinder1_default.ax_Cylinder1_default
[2019.12.01-02.23.03:083][ 71]LogSavePackage: Moving 'C:/Users/Usuario/Documents/Unreal Projects/Juego_Motores_Avanz/Saved/ax_Cylinder1_defaultADA816D541763EE8F0A4B8B0C65E7D4C.tmp' to 'C:/Users/Usuario/Documents/Unreal Projects/Juego_Motores_Avanz/Content/assets/mallasEstaticas/ax_Cylinder1_default.uasset'
[2019.12.01-02.23.03:755][118]LogSlate: Window 'ax_Cylinder1_default' being destroyed
[2019.12.01-02.23.03:781][118]LogSlate: Window 'ax_Cylinder1_default' being destroyed
[2019.12.01-02.23.03:793][118]LogWorld: UWorld::CleanupWorld for World_7, bSessionEnded=true, bCleanupResources=true
[2019.12.01-02.23.10:694][774]LogSlate: FSceneViewport::OnFocusLost() reason 5
